#
# There is insufficient memory for the Java Runtime Environment to continue.
# Native memory allocation (mmap) failed to map 65536 bytes for Failed to commit metaspace.
# Possible reasons:
#   The system is out of physical RAM or swap space
#   The process is running with CompressedOops enabled, and the Java Heap may be blocking the growth of the native heap
# Possible solutions:
#   Reduce memory load on the system
#   Increase physical memory or swap space
#   Check if swap backing store is full
#   Decrease Java heap size (-Xmx/-Xms)
#   Decrease number of Java threads
#   Decrease Java thread stack sizes (-Xss)
#   Set larger code cache with -XX:ReservedCodeCacheSize=
#   JVM is running with Unscaled Compressed Oops mode in which the Java heap is
#     placed in the first 4GB address space. The Java Heap base address is the
#     maximum limit for the native heap growth. Please use -XX:HeapBaseMinAddress
#     to set the Java Heap base and to place the Java Heap above 4GB virtual address.
# This output file may be truncated or incomplete.
#
#  Out of Memory Error (virtualSpaceNode.cpp:110), pid=158936, tid=190124
#
# JRE version: OpenJDK Runtime Environment Temurin-17.0.6+10 (17.0.6+10) (build 17.0.6+10)
# Java VM: OpenJDK 64-Bit Server VM Temurin-17.0.6+10 (17.0.6+10, mixed mode, tiered, compressed oops, compressed class ptrs, parallel gc, windows-amd64)
# No core dump will be written. Minidumps are not enabled by default on client versions of Windows
#

---------------  S U M M A R Y ------------

Command Line: --add-modules=ALL-SYSTEM --add-opens=java.base/java.util=ALL-UNNAMED --add-opens=java.base/java.lang=ALL-UNNAMED --add-opens=java.base/sun.nio.fs=ALL-UNNAMED -Declipse.application=org.eclipse.jdt.ls.core.id1 -Dosgi.bundles.defaultStartLevel=4 -Declipse.product=org.eclipse.jdt.ls.core.product -Djava.import.generatesMetadataFilesAtProjectRoot=false -Dfile.encoding=utf8 -XX:+UseParallelGC -XX:GCTimeRatio=4 -XX:AdaptiveSizePolicyWeight=90 -Dsun.zip.disableMemoryMapping=true -Xmx1G -Xms100m -Xlog:disable -javaagent:c:\Users\Farhan\.vscode\extensions\redhat.java-1.16.0-win32-x64\lombok\lombok-1.18.24.jar c:\Users\Farhan\.vscode\extensions\redhat.java-1.16.0-win32-x64\server\plugins\org.eclipse.equinox.launcher_1.6.400.v20210924-0641.jar -configuration c:\Users\Farhan\AppData\Roaming\Code\User\globalStorage\redhat.java\1.16.0\config_ss_win -data c:\Users\Farhan\AppData\Roaming\Code\User\workspaceStorage\8f7c26508dbb529dfc39503597735847\redhat.java\ss_ws

Host: Intel(R) Core(TM) i7-4790K CPU @ 4.00GHz, 8 cores, 15G,  Windows 11 , 64 bit Build 22621 (10.0.22621.1344)
Time: Sun Mar 19 11:42:35 2023 Eastern Daylight Time elapsed time: 0.480447 seconds (0d 0h 0m 0s)

---------------  T H R E A D  ---------------

Current thread (0x000002d77953ddf0):  JavaThread "main" [_thread_in_vm, id=190124, stack(0x000000e174100000,0x000000e174200000)]

Stack: [0x000000e174100000,0x000000e174200000]
Native frames: (J=compiled Java code, j=interpreted, Vv=VM code, C=native code)
V  [jvm.dll+0x67741a]
V  [jvm.dll+0x834434]
V  [jvm.dll+0x835bde]
V  [jvm.dll+0x836243]
V  [jvm.dll+0x2457b5]
V  [jvm.dll+0x8304cb]
V  [jvm.dll+0x61bca6]
V  [jvm.dll+0x1c05fe]
V  [jvm.dll+0x61e5f1]
V  [jvm.dll+0x61c646]
V  [jvm.dll+0x23b256]
V  [jvm.dll+0x1eae0d]
V  [jvm.dll+0x1e0841]
V  [jvm.dll+0x53c6d0]
V  [jvm.dll+0x7af5e8]
V  [jvm.dll+0x7af6d4]
V  [jvm.dll+0x40bc05]
V  [jvm.dll+0x411d58]
C  [java.dll+0x17ec]

Java frames: (J=compiled Java code, j=interpreted, Vv=VM code)
j  java.lang.ClassLoader.defineClass1(Ljava/lang/ClassLoader;Ljava/lang/String;[BIILjava/security/ProtectionDomain;Ljava/lang/String;)Ljava/lang/Class;+0 java.base@17.0.6
j  java.lang.ClassLoader.defineClass(Ljava/lang/String;[BIILjava/security/ProtectionDomain;)Ljava/lang/Class;+27 java.base@17.0.6
j  java.security.SecureClassLoader.defineClass(Ljava/lang/String;[BIILjava/security/CodeSource;)Ljava/lang/Class;+12 java.base@17.0.6
j  jdk.internal.loader.BuiltinClassLoader.defineClass(Ljava/lang/String;Ljdk/internal/loader/Resource;)Ljava/lang/Class;+117 java.base@17.0.6
j  jdk.internal.loader.BuiltinClassLoader.findClassOnClassPathOrNull(Ljava/lang/String;)Ljava/lang/Class;+37 java.base@17.0.6
j  jdk.internal.loader.BuiltinClassLoader.loadClassOrNull(Ljava/lang/String;Z)Ljava/lang/Class;+111 java.base@17.0.6
j  jdk.internal.loader.BuiltinClassLoader.loadClass(Ljava/lang/String;Z)Ljava/lang/Class;+3 java.base@17.0.6
j  jdk.internal.loader.ClassLoaders$AppClassLoader.loadClass(Ljava/lang/String;Z)Ljava/lang/Class;+36 java.base@17.0.6
j  java.lang.ClassLoader.loadClass(Ljava/lang/String;)Ljava/lang/Class;+3 java.base@17.0.6
v  ~StubRoutines::call_stub
j  java.lang.Class.forName0(Ljava/lang/String;ZLjava/lang/ClassLoader;Ljava/lang/Class;)Ljava/lang/Class;+0 java.base@17.0.6
j  java.lang.Class.forName(Ljava/lang/String;ZLjava/lang/ClassLoader;)Ljava/lang/Class;+43 java.base@17.0.6
j  sun.launcher.LauncherHelper.loadMainClass(ILjava/lang/String;)Ljava/lang/Class;+95 java.base@17.0.6
j  sun.launcher.LauncherHelper.checkAndLoadMain(ZILjava/lang/String;)Ljava/lang/Class;+42 java.base@17.0.6
v  ~StubRoutines::call_stub

---------------  P R O C E S S  ---------------

Threads class SMR info:
_java_thread_list=0x000002d70f324080, length=13, elements={
0x000002d77953ddf0, 0x000002d7795f9500, 0x000002d7795fcae0, 0x000002d77e3bbfc0,
0x000002d77e3bca80, 0x000002d77e3bd630, 0x000002d77e3be4e0, 0x000002d70f055260,
0x000002d70f063af0, 0x000002d70f0a6870, 0x000002d70f15f000, 0x000002d70fec8010,
0x000002d70f3b78a0
}

Java Threads: ( => current thread )
=>0x000002d77953ddf0 JavaThread "main" [_thread_in_vm, id=190124, stack(0x000000e174100000,0x000000e174200000)]
  0x000002d7795f9500 JavaThread "Reference Handler" daemon [_thread_blocked, id=18032, stack(0x000000e174400000,0x000000e174500000)]
  0x000002d7795fcae0 JavaThread "Finalizer" daemon [_thread_blocked, id=18332, stack(0x000000e174500000,0x000000e174600000)]
  0x000002d77e3bbfc0 JavaThread "Signal Dispatcher" daemon [_thread_blocked, id=182344, stack(0x000000e174600000,0x000000e174700000)]
  0x000002d77e3bca80 JavaThread "Attach Listener" daemon [_thread_blocked, id=191192, stack(0x000000e174700000,0x000000e174800000)]
  0x000002d77e3bd630 JavaThread "Service Thread" daemon [_thread_blocked, id=7956, stack(0x000000e174800000,0x000000e174900000)]
  0x000002d77e3be4e0 JavaThread "Monitor Deflation Thread" daemon [_thread_blocked, id=1084, stack(0x000000e174900000,0x000000e174a00000)]
  0x000002d70f055260 JavaThread "C2 CompilerThread0" daemon [_thread_in_native, id=2636, stack(0x000000e174a00000,0x000000e174b00000)]
  0x000002d70f063af0 JavaThread "C1 CompilerThread0" daemon [_thread_blocked, id=190652, stack(0x000000e174b00000,0x000000e174c00000)]
  0x000002d70f0a6870 JavaThread "Sweeper thread" daemon [_thread_blocked, id=183144, stack(0x000000e174c00000,0x000000e174d00000)]
  0x000002d70f15f000 JavaThread "Common-Cleaner" daemon [_thread_blocked, id=174764, stack(0x000000e174d00000,0x000000e174e00000)]
  0x000002d70fec8010 JavaThread "Notification Thread" daemon [_thread_blocked, id=19000, stack(0x000000e174e00000,0x000000e174f00000)]
  0x000002d70f3b78a0 JavaThread "C2 CompilerThread1" daemon [_thread_in_native, id=182340, stack(0x000000e175000000,0x000000e175100000)]

Other Threads:
  0x000002d70f0214a0 VMThread "VM Thread" [stack: 0x000000e174300000,0x000000e174400000] [id=3216]
  0x000002d70f3a6a00 WatcherThread [stack: 0x000000e174f00000,0x000000e175000000] [id=13540]
  0x000002d7795529b0 GCTaskThread "GC Thread#0" [stack: 0x000000e174200000,0x000000e174300000] [id=18080]

Threads with active compile tasks:
C2 CompilerThread0      513  530       4       lombok.patcher.PatchScript::classMatches (41 bytes)
C2 CompilerThread1      513  529       4       java.util.HashSet::iterator (13 bytes)

VM state: not at safepoint (normal execution)

VM Mutex/Monitor currently owned by a thread:  ([mutex/lock_event])
[0x000002d779539410] Metaspace_lock - owner thread: 0x000002d77953ddf0

Heap address: 0x00000000c0000000, size: 1024 MB, Compressed Oops mode: 32-bit

CDS archive(s) not mapped
Compressed class space mapped at: 0x0000000100000000-0x0000000140000000, reserved size: 1073741824
Narrow klass base: 0x0000000000000000, Narrow klass shift: 3, Narrow klass range: 0x140000000

GC Precious Log:
 CPUs: 8 total, 8 available
 Memory: 16326M
 Large Page Support: Disabled
 NUMA Support: Disabled
 Compressed Oops: Enabled (32-bit)
 Alignments: Space 512K, Generation 512K, Heap 2M
 Heap Min Capacity: 100M
 Heap Initial Capacity: 100M
 Heap Max Capacity: 1G
 Pre-touch: Disabled
 Parallel Workers: 8

Heap:
 PSYoungGen      total 29696K, used 12555K [0x00000000eab00000, 0x00000000ecc00000, 0x0000000100000000)
  eden space 25600K, 49% used [0x00000000eab00000,0x00000000eb742f08,0x00000000ec400000)
  from space 4096K, 0% used [0x00000000ec800000,0x00000000ec800000,0x00000000ecc00000)
  to   space 4096K, 0% used [0x00000000ec400000,0x00000000ec400000,0x00000000ec800000)
 ParOldGen       total 68608K, used 0K [0x00000000c0000000, 0x00000000c4300000, 0x00000000eab00000)
  object space 68608K, 0% used [0x00000000c0000000,0x00000000c0000000,0x00000000c4300000)
 Metaspace       used 8778K, committed 8896K, reserved 1064960K
  class space    used 870K, committed 960K, reserved 1048576K

Card table byte_map: [0x000002d778f10000,0x000002d779120000] _byte_map_base: 0x000002d778910000

Marking Bits: (ParMarkBitMap*) 0x00007ffc21b63e70
 Begin Bits: [0x000002d77c1c0000, 0x000002d77d1c0000)
 End Bits:   [0x000002d77d1c0000, 0x000002d77e1c0000)

Polling page: 0x000002d778d00000

Metaspace:

Usage:
  Non-class:      7.72 MB used.
      Class:    870.26 KB used.
       Both:      8.57 MB used.

Virtual space:
  Non-class space:       16.00 MB reserved,       7.75 MB ( 48%) committed,  2 nodes.
      Class space:        1.00 GB reserved,     960.00 KB ( <1%) committed,  1 nodes.
             Both:        1.02 GB reserved,       8.69 MB ( <1%) committed. 

Chunk freelists:
   Non-Class:  3.99 MB
       Class:  3.09 MB
        Both:  7.09 MB

MaxMetaspaceSize: unlimited
CompressedClassSpaceSize: 1.00 GB
Initial GC threshold: 21.00 MB
Current GC threshold: 21.00 MB
CDS: off
MetaspaceReclaimPolicy: balanced
 - commit_granule_bytes: 65536.
 - commit_granule_words: 8192.
 - virtual_space_node_default_size: 1048576.
 - enlarge_chunks_in_place: 1.
 - new_chunks_are_fully_committed: 0.
 - uncommit_free_chunks: 1.
 - use_allocation_guard: 0.
 - handle_deallocations: 1.


Internal statistics:

num_allocs_failed_limit: 0.
num_arena_births: 10.
num_arena_deaths: 0.
num_vsnodes_births: 3.
num_vsnodes_deaths: 0.
num_space_committed: 139.
num_space_uncommitted: 0.
num_chunks_returned_to_freelist: 0.
num_chunks_taken_from_freelist: 38.
num_chunk_merges: 0.
num_chunk_splits: 21.
num_chunks_enlarged: 17.
num_purges: 0.
num_inconsistent_stats: 0.

CodeHeap 'non-profiled nmethods': size=120000Kb used=186Kb max_used=186Kb free=119813Kb
 bounds [0x000002d707ad0000, 0x000002d707d40000, 0x000002d70f000000]
CodeHeap 'profiled nmethods': size=120000Kb used=760Kb max_used=760Kb free=119239Kb
 bounds [0x000002d700000000, 0x000002d700270000, 0x000002d707530000]
CodeHeap 'non-nmethods': size=5760Kb used=1133Kb max_used=1159Kb free=4626Kb
 bounds [0x000002d707530000, 0x000002d7077a0000, 0x000002d707ad0000]
 total_blobs=958 nmethods=536 adapters=337
 compilation: enabled
              stopped_count=0, restarted_count=0
 full_count=0

Compilation events (20 events):
Event: 0.468 Thread 0x000002d70f063af0 nmethod 531 0x000002d7000b2210 code [0x000002d7000b2400, 0x000002d7000b2aa8]
Event: 0.468 Thread 0x000002d70f063af0  532       3       java.util.concurrent.ConcurrentHashMap$Node::<init> (14 bytes)
Event: 0.468 Thread 0x000002d70f063af0 nmethod 532 0x000002d7000b2c90 code [0x000002d7000b2e40, 0x000002d7000b3058]
Event: 0.469 Thread 0x000002d70f063af0  533       3       java.security.Provider$ServiceKey::<init> (39 bytes)
Event: 0.470 Thread 0x000002d70f063af0 nmethod 533 0x000002d7000b3190 code [0x000002d7000b3380, 0x000002d7000b37c8]
Event: 0.470 Thread 0x000002d70f063af0  534       1       java.security.Provider$UString::toString (5 bytes)
Event: 0.470 Thread 0x000002d70f063af0 nmethod 534 0x000002d707afcb90 code [0x000002d707afcd20, 0x000002d707afcdf8]
Event: 0.470 Thread 0x000002d70f063af0  535       1       java.security.Provider$Service::getProvider (5 bytes)
Event: 0.470 Thread 0x000002d70f063af0 nmethod 535 0x000002d707afce90 code [0x000002d707afd020, 0x000002d707afd0f8]
Event: 0.470 Thread 0x000002d70f063af0  536       3       sun.security.provider.SHA2::implCompress0 (490 bytes)
Event: 0.471 Thread 0x000002d70f063af0 nmethod 536 0x000002d7000b3990 code [0x000002d7000b3b80, 0x000002d7000b43e8]
Event: 0.471 Thread 0x000002d70f063af0  537       3       sun.security.provider.ByteArrayAccess::b2iBig64 (231 bytes)
Event: 0.475 Thread 0x000002d70f055260 nmethod 528 0x000002d707afd190 code [0x000002d707afd340, 0x000002d707afd938]
Event: 0.475 Thread 0x000002d70f055260  530       4       lombok.patcher.PatchScript::classMatches (41 bytes)
Event: 0.476 Thread 0x000002d70f3b78a0 nmethod 527 0x000002d707afdd90 code [0x000002d707afdf60, 0x000002d707afe598]
Event: 0.476 Thread 0x000002d70f3b78a0  529       4       java.util.HashSet::iterator (13 bytes)
Event: 0.477 Thread 0x000002d70f063af0 nmethod 537 0x000002d7000b4890 code [0x000002d7000b5360, 0x000002d7000bb738]
Event: 0.477 Thread 0x000002d70f063af0  538       3       sun.security.provider.SHA2::implCompress (13 bytes)
Event: 0.478 Thread 0x000002d70f063af0 nmethod 538 0x000002d7000bd490 code [0x000002d7000bd680, 0x000002d7000bdac8]
Event: 0.478 Thread 0x000002d70f063af0  539       3       sun.security.provider.SHA2::implCompressCheck (27 bytes)

GC Heap History (0 events):
No events

Dll operation events (8 events):
Event: 0.009 Loaded shared library c:\Users\Farhan\.vscode\extensions\redhat.java-1.16.0-win32-x64\jre\17.0.6-win32-x86_64\bin\java.dll
Event: 0.146 Loaded shared library c:\Users\Farhan\.vscode\extensions\redhat.java-1.16.0-win32-x64\jre\17.0.6-win32-x86_64\bin\zip.dll
Event: 0.151 Loaded shared library C:\Users\Farhan\.vscode\extensions\redhat.java-1.16.0-win32-x64\jre\17.0.6-win32-x86_64\bin\instrument.dll
Event: 0.168 Loaded shared library C:\Users\Farhan\.vscode\extensions\redhat.java-1.16.0-win32-x64\jre\17.0.6-win32-x86_64\bin\net.dll
Event: 0.171 Loaded shared library C:\Users\Farhan\.vscode\extensions\redhat.java-1.16.0-win32-x64\jre\17.0.6-win32-x86_64\bin\nio.dll
Event: 0.180 Loaded shared library C:\Users\Farhan\.vscode\extensions\redhat.java-1.16.0-win32-x64\jre\17.0.6-win32-x86_64\bin\zip.dll
Event: 0.199 Loaded shared library C:\Users\Farhan\.vscode\extensions\redhat.java-1.16.0-win32-x64\jre\17.0.6-win32-x86_64\bin\jimage.dll
Event: 0.268 Loaded shared library c:\Users\Farhan\.vscode\extensions\redhat.java-1.16.0-win32-x64\jre\17.0.6-win32-x86_64\bin\verify.dll

Deoptimization events (20 events):
Event: 0.358 Thread 0x000002d77953ddf0 DEOPT PACKING pc=0x000002d70001a180 sp=0x000000e1741fcb40
Event: 0.358 Thread 0x000002d77953ddf0 DEOPT UNPACKING pc=0x000002d707586e43 sp=0x000000e1741fc000 mode 0
Event: 0.360 Thread 0x000002d77953ddf0 DEOPT PACKING pc=0x000002d70001a180 sp=0x000000e1741fb3b0
Event: 0.360 Thread 0x000002d77953ddf0 DEOPT UNPACKING pc=0x000002d707586e43 sp=0x000000e1741fa870 mode 0
Event: 0.360 Thread 0x000002d77953ddf0 DEOPT PACKING pc=0x000002d70001a180 sp=0x000000e1741fa710
Event: 0.360 Thread 0x000002d77953ddf0 DEOPT UNPACKING pc=0x000002d707586e43 sp=0x000000e1741f9bd0 mode 0
Event: 0.361 Thread 0x000002d77953ddf0 DEOPT PACKING pc=0x000002d70001a180 sp=0x000000e1741fa710
Event: 0.361 Thread 0x000002d77953ddf0 DEOPT UNPACKING pc=0x000002d707586e43 sp=0x000000e1741f9bd0 mode 0
Event: 0.362 Thread 0x000002d77953ddf0 DEOPT PACKING pc=0x000002d70001a180 sp=0x000000e1741fb250
Event: 0.362 Thread 0x000002d77953ddf0 DEOPT UNPACKING pc=0x000002d707586e43 sp=0x000000e1741fa710 mode 0
Event: 0.365 Thread 0x000002d77953ddf0 DEOPT PACKING pc=0x000002d70001a180 sp=0x000000e1741fbc10
Event: 0.365 Thread 0x000002d77953ddf0 DEOPT UNPACKING pc=0x000002d707586e43 sp=0x000000e1741fb0d0 mode 0
Event: 0.398 Thread 0x000002d77953ddf0 Uncommon trap: trap_request=0xffffff45 fr.pc=0x000002d707ae4240 relative=0x00000000000000c0
Event: 0.398 Thread 0x000002d77953ddf0 Uncommon trap: reason=unstable_if action=reinterpret pc=0x000002d707ae4240 method=java.net.URI.match(CJJ)Z @ 45 c2
Event: 0.398 Thread 0x000002d77953ddf0 DEOPT PACKING pc=0x000002d707ae4240 sp=0x000000e1741fcb80
Event: 0.398 Thread 0x000002d77953ddf0 DEOPT UNPACKING pc=0x000002d7075866a3 sp=0x000000e1741fcb08 mode 2
Event: 0.413 Thread 0x000002d77953ddf0 Uncommon trap: trap_request=0xffffff45 fr.pc=0x000002d707af3e00 relative=0x0000000000000620
Event: 0.413 Thread 0x000002d77953ddf0 Uncommon trap: reason=unstable_if action=reinterpret pc=0x000002d707af3e00 method=java.lang.String.replace(Ljava/lang/CharSequence;Ljava/lang/CharSequence;)Ljava/lang/String; @ 48 c2
Event: 0.413 Thread 0x000002d77953ddf0 DEOPT PACKING pc=0x000002d707af3e00 sp=0x000000e1741fcb00
Event: 0.413 Thread 0x000002d77953ddf0 DEOPT UNPACKING pc=0x000002d7075866a3 sp=0x000000e1741fca80 mode 2

Classes unloaded (0 events):
No events

Classes redefined (0 events):
No events

Internal exceptions (2 events):
Event: 0.116 Thread 0x000002d77953ddf0 Exception <a 'java/lang/NoSuchMethodError'{0x00000000eacb25b0}: 'void java.lang.invoke.DirectMethodHandle$Holder.invokeStatic(java.lang.Object, java.lang.Object, java.lang.Object)'> (0x00000000eacb25b0) 
thrown [s\src\hotspot\share\interpreter\linkResolver.cpp, line 759]
Event: 0.296 Thread 0x000002d77953ddf0 Exception <a 'java/lang/reflect/InvocationTargetException'{0x00000000eaf786d0}> (0x00000000eaf786d0) 
thrown [s\src\hotspot\share\runtime\reflection.cpp, line 1121]

VM Operations (6 events):
Event: 0.120 Executing VM operation: HandshakeAllThreads
Event: 0.120 Executing VM operation: HandshakeAllThreads done
Event: 0.226 Executing VM operation: HandshakeAllThreads
Event: 0.226 Executing VM operation: HandshakeAllThreads done
Event: 0.466 Executing VM operation: HandshakeAllThreads
Event: 0.466 Executing VM operation: HandshakeAllThreads done

Events (20 events):
Event: 0.465 loading class sun/security/util/KeyUtil
Event: 0.465 loading class sun/security/util/KeyUtil done
Event: 0.465 loading class sun/security/util/Length
Event: 0.465 loading class sun/security/util/Length done
Event: 0.465 loading class javax/crypto/SecretKey
Event: 0.465 loading class javax/crypto/SecretKey done
Event: 0.466 loading class java/util/LinkedHashMap$LinkedEntrySet
Event: 0.466 loading class java/util/LinkedHashMap$LinkedEntrySet done
Event: 0.466 loading class java/util/LinkedHashMap$LinkedEntryIterator
Event: 0.466 loading class java/util/LinkedHashMap$LinkedEntryIterator done
Event: 0.466 loading class java/util/Base64
Event: 0.466 loading class java/util/Base64 done
Event: 0.467 loading class java/util/Base64$Decoder
Event: 0.467 loading class java/util/Base64$Decoder done
Event: 0.467 loading class java/util/Base64$Encoder
Event: 0.467 loading class java/util/Base64$Encoder done
Event: 0.467 loading class java/util/jar/JarVerifier$VerifierStream
Event: 0.467 loading class java/util/jar/JarVerifier$VerifierStream done
Event: 0.467 loading class sun/security/util/ManifestEntryVerifier$SunProviderHolder
Event: 0.467 loading class sun/security/util/ManifestEntryVerifier$SunProviderHolder done


Dynamic libraries:
0x00007ff65e590000 - 0x00007ff65e59e000 	c:\Users\Farhan\.vscode\extensions\redhat.java-1.16.0-win32-x64\jre\17.0.6-win32-x86_64\bin\java.exe
0x00007ffc8c6b0000 - 0x00007ffc8c8c4000 	C:\WINDOWS\SYSTEM32\ntdll.dll
0x00007ffc8b980000 - 0x00007ffc8ba43000 	C:\WINDOWS\System32\KERNEL32.DLL
0x00007ffc89cb0000 - 0x00007ffc8a04c000 	C:\WINDOWS\System32\KERNELBASE.dll
0x00007ffc89af0000 - 0x00007ffc89c01000 	C:\WINDOWS\System32\ucrtbase.dll
0x00007ffc868e0000 - 0x00007ffc868f7000 	c:\Users\Farhan\.vscode\extensions\redhat.java-1.16.0-win32-x64\jre\17.0.6-win32-x86_64\bin\jli.dll
0x00007ffc76700000 - 0x00007ffc76719000 	c:\Users\Farhan\.vscode\extensions\redhat.java-1.16.0-win32-x64\jre\17.0.6-win32-x86_64\bin\VCRUNTIME140.dll
0x00007ffc8b7c0000 - 0x00007ffc8b96d000 	C:\WINDOWS\System32\USER32.dll
0x00007ffc75fd0000 - 0x00007ffc7625e000 	C:\WINDOWS\WinSxS\amd64_microsoft.windows.common-controls_6595b64144ccf1df_6.0.22621.608_none_a9444ca7c10bb01d\COMCTL32.dll
0x00007ffc8a2f0000 - 0x00007ffc8a316000 	C:\WINDOWS\System32\win32u.dll
0x00007ffc8b710000 - 0x00007ffc8b7b7000 	C:\WINDOWS\System32\msvcrt.dll
0x00007ffc8b6e0000 - 0x00007ffc8b709000 	C:\WINDOWS\System32\GDI32.dll
0x00007ffc8a3a0000 - 0x00007ffc8a4b3000 	C:\WINDOWS\System32\gdi32full.dll
0x00007ffc89c10000 - 0x00007ffc89caa000 	C:\WINDOWS\System32\msvcp_win.dll
0x00007ffc8c0e0000 - 0x00007ffc8c111000 	C:\WINDOWS\System32\IMM32.DLL
0x00007ffc869b0000 - 0x00007ffc869bc000 	c:\Users\Farhan\.vscode\extensions\redhat.java-1.16.0-win32-x64\jre\17.0.6-win32-x86_64\bin\vcruntime140_1.dll
0x00007ffc5dfc0000 - 0x00007ffc5e051000 	c:\Users\Farhan\.vscode\extensions\redhat.java-1.16.0-win32-x64\jre\17.0.6-win32-x86_64\bin\msvcp140.dll
0x00007ffc20fe0000 - 0x00007ffc21c27000 	c:\Users\Farhan\.vscode\extensions\redhat.java-1.16.0-win32-x64\jre\17.0.6-win32-x86_64\bin\server\jvm.dll
0x00007ffc8bdc0000 - 0x00007ffc8be6e000 	C:\WINDOWS\System32\ADVAPI32.dll
0x00007ffc8c420000 - 0x00007ffc8c4c4000 	C:\WINDOWS\System32\sechost.dll
0x00007ffc8c280000 - 0x00007ffc8c395000 	C:\WINDOWS\System32\RPCRT4.dll
0x00007ffc827f0000 - 0x00007ffc827fa000 	C:\WINDOWS\SYSTEM32\VERSION.dll
0x00007ffc60ab0000 - 0x00007ffc60ab9000 	C:\WINDOWS\SYSTEM32\WSOCK32.dll
0x00007ffc7ad60000 - 0x00007ffc7ad94000 	C:\WINDOWS\SYSTEM32\WINMM.dll
0x00007ffc8c3a0000 - 0x00007ffc8c411000 	C:\WINDOWS\System32\WS2_32.dll
0x00007ffc88bf0000 - 0x00007ffc88c08000 	C:\WINDOWS\SYSTEM32\kernel.appcore.dll
0x00007ffc86930000 - 0x00007ffc8693a000 	c:\Users\Farhan\.vscode\extensions\redhat.java-1.16.0-win32-x64\jre\17.0.6-win32-x86_64\bin\jimage.dll
0x00007ffc86ca0000 - 0x00007ffc86ece000 	C:\WINDOWS\SYSTEM32\DBGHELP.DLL
0x00007ffc8aed0000 - 0x00007ffc8b259000 	C:\WINDOWS\System32\combase.dll
0x00007ffc8be90000 - 0x00007ffc8bf67000 	C:\WINDOWS\System32\OLEAUT32.dll
0x00007ffc737d0000 - 0x00007ffc73802000 	C:\WINDOWS\SYSTEM32\dbgcore.DLL
0x00007ffc8a320000 - 0x00007ffc8a39b000 	C:\WINDOWS\System32\bcryptPrimitives.dll
0x00007ffc868c0000 - 0x00007ffc868ce000 	c:\Users\Farhan\.vscode\extensions\redhat.java-1.16.0-win32-x64\jre\17.0.6-win32-x86_64\bin\instrument.dll
0x00007ffc75da0000 - 0x00007ffc75dc5000 	c:\Users\Farhan\.vscode\extensions\redhat.java-1.16.0-win32-x64\jre\17.0.6-win32-x86_64\bin\java.dll
0x00007ffc75d40000 - 0x00007ffc75d58000 	c:\Users\Farhan\.vscode\extensions\redhat.java-1.16.0-win32-x64\jre\17.0.6-win32-x86_64\bin\zip.dll
0x00007ffc8a6e0000 - 0x00007ffc8aed0000 	C:\WINDOWS\System32\SHELL32.dll
0x00007ffc87ab0000 - 0x00007ffc8837e000 	C:\WINDOWS\SYSTEM32\windows.storage.dll
0x00007ffc87970000 - 0x00007ffc87aae000 	C:\WINDOWS\SYSTEM32\wintypes.dll
0x00007ffc8c180000 - 0x00007ffc8c271000 	C:\WINDOWS\System32\SHCORE.dll
0x00007ffc8a680000 - 0x00007ffc8a6de000 	C:\WINDOWS\System32\shlwapi.dll
0x00007ffc89a20000 - 0x00007ffc89a41000 	C:\WINDOWS\SYSTEM32\profapi.dll
0x00007ffc75690000 - 0x00007ffc756a9000 	C:\Users\Farhan\.vscode\extensions\redhat.java-1.16.0-win32-x64\jre\17.0.6-win32-x86_64\bin\net.dll
0x00007ffc83980000 - 0x00007ffc83aaf000 	C:\WINDOWS\SYSTEM32\WINHTTP.dll
0x00007ffc89050000 - 0x00007ffc890b9000 	C:\WINDOWS\system32\mswsock.dll
0x00007ffc75d10000 - 0x00007ffc75d25000 	C:\Users\Farhan\.vscode\extensions\redhat.java-1.16.0-win32-x64\jre\17.0.6-win32-x86_64\bin\nio.dll
0x00007ffc867b0000 - 0x00007ffc867c0000 	c:\Users\Farhan\.vscode\extensions\redhat.java-1.16.0-win32-x64\jre\17.0.6-win32-x86_64\bin\verify.dll

dbghelp: loaded successfully - version: 4.0.5 - missing functions: none
symbol engine: initialized successfully - sym options: 0x614 - pdb path: .;c:\Users\Farhan\.vscode\extensions\redhat.java-1.16.0-win32-x64\jre\17.0.6-win32-x86_64\bin;C:\WINDOWS\SYSTEM32;C:\WINDOWS\WinSxS\amd64_microsoft.windows.common-controls_6595b64144ccf1df_6.0.22621.608_none_a9444ca7c10bb01d;c:\Users\Farhan\.vscode\extensions\redhat.java-1.16.0-win32-x64\jre\17.0.6-win32-x86_64\bin\server

VM Arguments:
jvm_args: --add-modules=ALL-SYSTEM --add-opens=java.base/java.util=ALL-UNNAMED --add-opens=java.base/java.lang=ALL-UNNAMED --add-opens=java.base/sun.nio.fs=ALL-UNNAMED -Declipse.application=org.eclipse.jdt.ls.core.id1 -Dosgi.bundles.defaultStartLevel=4 -Declipse.product=org.eclipse.jdt.ls.core.product -Djava.import.generatesMetadataFilesAtProjectRoot=false -Dfile.encoding=utf8 -XX:+UseParallelGC -XX:GCTimeRatio=4 -XX:AdaptiveSizePolicyWeight=90 -Dsun.zip.disableMemoryMapping=true -Xmx1G -Xms100m -Xlog:disable -javaagent:c:\Users\Farhan\.vscode\extensions\redhat.java-1.16.0-win32-x64\lombok\lombok-1.18.24.jar 
java_command: c:\Users\Farhan\.vscode\extensions\redhat.java-1.16.0-win32-x64\server\plugins\org.eclipse.equinox.launcher_1.6.400.v20210924-0641.jar -configuration c:\Users\Farhan\AppData\Roaming\Code\User\globalStorage\redhat.java\1.16.0\config_ss_win -data c:\Users\Farhan\AppData\Roaming\Code\User\workspaceStorage\8f7c26508dbb529dfc39503597735847\redhat.java\ss_ws
java_class_path (initial): c:\Users\Farhan\.vscode\extensions\redhat.java-1.16.0-win32-x64\server\plugins\org.eclipse.equinox.launcher_1.6.400.v20210924-0641.jar
Launcher Type: SUN_STANDARD

[Global flags]
    uintx AdaptiveSizePolicyWeight                 = 90                                        {product} {command line}
     intx CICompilerCount                          = 4                                         {product} {ergonomic}
    uintx GCTimeRatio                              = 4                                         {product} {command line}
   size_t InitialHeapSize                          = 104857600                                 {product} {command line}
   size_t MaxHeapSize                              = 1073741824                                {product} {command line}
   size_t MaxNewSize                               = 357564416                                 {product} {ergonomic}
   size_t MinHeapDeltaBytes                        = 524288                                    {product} {ergonomic}
   size_t MinHeapSize                              = 104857600                                 {product} {command line}
   size_t NewSize                                  = 34603008                                  {product} {ergonomic}
    uintx NonNMethodCodeHeapSize                   = 5839372                                {pd product} {ergonomic}
    uintx NonProfiledCodeHeapSize                  = 122909434                              {pd product} {ergonomic}
   size_t OldSize                                  = 70254592                                  {product} {ergonomic}
    uintx ProfiledCodeHeapSize                     = 122909434                              {pd product} {ergonomic}
    uintx ReservedCodeCacheSize                    = 251658240                              {pd product} {ergonomic}
     bool SegmentedCodeCache                       = true                                      {product} {ergonomic}
   size_t SoftMaxHeapSize                          = 1073741824                             {manageable} {ergonomic}
     bool UseCompressedClassPointers               = true                           {product lp64_product} {ergonomic}
     bool UseCompressedOops                        = true                           {product lp64_product} {ergonomic}
     bool UseLargePagesIndividualAllocation        = false                                  {pd product} {ergonomic}
     bool UseParallelGC                            = true                                      {product} {command line}

Logging:
Log output configuration:
 #0: stdout all=off uptime,level,tags
 #1: stderr all=off uptime,level,tags

Environment Variables:
PATH=C:\Program Files\ImageMagick-7.1.0-Q16-HDRI;C:\Program Files (x86)\Common Files\Oracle\Java\javapath;C:\WINDOWS\system32;C:\WINDOWS;C:\WINDOWS\System32\Wbem;C:\WINDOWS\System32\WindowsPowerShell\v1.0\;C:\WINDOWS\System32\OpenSSH\;C:\Program Files (x86)\NVIDIA Corporation\PhysX\Common;C:\Program Files\NVIDIA Corporation\NVIDIA NvDLISR;C:\Program Files\Java\jdk1.8.0_281\bin;C:\Program Files\nodejs\;C:\Program Files\Git\cmd;D:\Projects\Scalper;C:\Program Files\Git LFS;C:\Program Files\dotnet\;C:\Program Files (x86)\Microsoft Visual Studio\2019\Community\MSBuild\Current\Bin\MSBuild.exe;C:\Program Files\Amazon\AWSCLIV2\;C:\Program Files\Docker\Docker\resources\bin;C:\ProgramData\DockerDesktop\version-bin;%SystemRoot%\system32;%SystemRoot%;%SystemRoot%\System32\Wbem;%SYSTEMROOT%\System32\WindowsPowerShell\v1.0\;%SYSTEMROOT%\System32\OpenSSH\;C:\Users\Farhan\.windows-build-tools\python27\;C:\Users\Farhan\AppData\Local\Microsoft\WindowsApps;C:\Users\Farhan\AppData\Local\atom\bin;C:\Users\Farhan\AppData\Roaming\npm;C:\Users\Farhan\AppData\Local\Microsoft\WindowsApps;C:\Users\Farhan\AppData\Local\Programs\Microsoft VS Code\bin;C:\Users\Farhan\AppData\Local\GitHubDesktop\bin;C:\Users\Farhan\.dotnet\tools;C:\Program Files (x86)\GitHub CLI\;
USERNAME=Farhan
OS=Windows_NT
PROCESSOR_IDENTIFIER=Intel64 Family 6 Model 60 Stepping 3, GenuineIntel
TMP=C:\Users\Farhan\AppData\Local\Temp
TEMP=C:\Users\Farhan\AppData\Local\Temp



---------------  S Y S T E M  ---------------

OS:
 Windows 11 , 64 bit Build 22621 (10.0.22621.1344)
OS uptime: 0 days 17:55 hours
Hyper-V role detected

CPU: total 8 (initial active 8) (4 cores per cpu, 2 threads per core) family 6 model 60 stepping 3 microcode 0x28, cx8, cmov, fxsr, ht, mmx, sse, sse2, sse3, ssse3, sse4.1, sse4.2, popcnt, lzcnt, tsc, tscinvbit, avx, avx2, aes, erms, clmul, bmi1, bmi2, fma, vzeroupper, clflush, hv

Memory: 4k page, system-wide physical 16326M (644M free)
TotalPageFile size 32710M (AvailPageFile size 58M)
current process WorkingSet (physical memory assigned to process): 53M, peak: 53M
current process commit charge ("private bytes"): 193M, peak: 194M

vm_info: OpenJDK 64-Bit Server VM (17.0.6+10) for windows-amd64 JRE (17.0.6+10), built on Jan 18 2023 10:08:59 by "temurin" with MS VC++ 16.7 (VS2019)

END.
