#
# There is insufficient memory for the Java Runtime Environment to continue.
# Native memory allocation (malloc) failed to allocate 2596016 bytes for Chunk::new
# Possible reasons:
#   The system is out of physical RAM or swap space
#   The process is running with CompressedOops enabled, and the Java Heap may be blocking the growth of the native heap
# Possible solutions:
#   Reduce memory load on the system
#   Increase physical memory or swap space
#   Check if swap backing store is full
#   Decrease Java heap size (-Xmx/-Xms)
#   Decrease number of Java threads
#   Decrease Java thread stack sizes (-Xss)
#   Set larger code cache with -XX:ReservedCodeCacheSize=
#   JVM is running with Unscaled Compressed Oops mode in which the Java heap is
#     placed in the first 4GB address space. The Java Heap base address is the
#     maximum limit for the native heap growth. Please use -XX:HeapBaseMinAddress
#     to set the Java Heap base and to place the Java Heap above 4GB virtual address.
# This output file may be truncated or incomplete.
#
#  Out of Memory Error (arena.cpp:189), pid=10400, tid=15476
#
# JRE version: OpenJDK Runtime Environment Temurin-17.0.6+10 (17.0.6+10) (build 17.0.6+10)
# Java VM: OpenJDK 64-Bit Server VM Temurin-17.0.6+10 (17.0.6+10, mixed mode, tiered, compressed oops, compressed class ptrs, parallel gc, windows-amd64)
# No core dump will be written. Minidumps are not enabled by default on client versions of Windows
#

---------------  S U M M A R Y ------------

Command Line: --add-modules=ALL-SYSTEM --add-opens=java.base/java.util=ALL-UNNAMED --add-opens=java.base/java.lang=ALL-UNNAMED --add-opens=java.base/sun.nio.fs=ALL-UNNAMED -Declipse.application=org.eclipse.jdt.ls.core.id1 -Dosgi.bundles.defaultStartLevel=4 -Declipse.product=org.eclipse.jdt.ls.core.product -Djava.import.generatesMetadataFilesAtProjectRoot=false -Dfile.encoding=utf8 -XX:+UseParallelGC -XX:GCTimeRatio=4 -XX:AdaptiveSizePolicyWeight=90 -Dsun.zip.disableMemoryMapping=true -Xmx1G -Xms100m -Xlog:disable -javaagent:c:\Users\Farhan\.vscode\extensions\redhat.java-1.15.0-win32-x64\lombok\lombok-1.18.24.jar -XX:+HeapDumpOnOutOfMemoryError -XX:HeapDumpPath=c:\Users\Farhan\AppData\Roaming\Code\User\workspaceStorage\8f7c26508dbb529dfc39503597735847\redhat.java c:\Users\Farhan\.vscode\extensions\redhat.java-1.15.0-win32-x64\server\plugins\org.eclipse.equinox.launcher_1.6.400.v20210924-0641.jar -configuration c:\Users\Farhan\AppData\Roaming\Code\User\globalStorage\redhat.java\1.15.0\config_win -data c:\Users\Farhan\AppData\Roaming\Code\User\workspaceStorage\8f7c26508dbb529dfc39503597735847\redhat.java\jdt_ws

Host: Intel(R) Core(TM) i7-4790K CPU @ 4.00GHz, 8 cores, 15G,  Windows 11 , 64 bit Build 22621 (10.0.22621.1194)
Time: Tue Mar  7 20:09:14 2023 Eastern Standard Time elapsed time: 12.976212 seconds (0d 0h 0m 12s)

---------------  T H R E A D  ---------------

Current thread (0x000001b11f457a90):  JavaThread "C2 CompilerThread0" daemon [_thread_in_native, id=15476, stack(0x0000000b90b00000,0x0000000b90c00000)]


Current CompileTask:
C2:  12976 3380       4       org.objectweb.asm.ClassReader::readMethod (1066 bytes)

Stack: [0x0000000b90b00000,0x0000000b90c00000]
Native frames: (J=compiled Java code, j=interpreted, Vv=VM code, C=native code)
V  [jvm.dll+0x67741a]
V  [jvm.dll+0x834434]
V  [jvm.dll+0x835bde]
V  [jvm.dll+0x836243]
V  [jvm.dll+0x2457b5]
V  [jvm.dll+0xabafc]
V  [jvm.dll+0xac0cc]
V  [jvm.dll+0x363492]
V  [jvm.dll+0x1bbd68]
V  [jvm.dll+0x218749]
V  [jvm.dll+0x217a11]
V  [jvm.dll+0x1a3d0d]
V  [jvm.dll+0x22742a]
V  [jvm.dll+0x225565]
V  [jvm.dll+0x7ea2cb]
V  [jvm.dll+0x7e483a]
V  [jvm.dll+0x6762c5]
C  [ucrtbase.dll+0x29363]
C  [KERNEL32.DLL+0x126bd]
C  [ntdll.dll+0x5dfb8]


---------------  P R O C E S S  ---------------

Threads class SMR info:
_java_thread_list=0x000001b12070a820, length=32, elements={
0x000001b109aee200, 0x000001b109b9f320, 0x000001b109ba04e0, 0x000001b109bade70,
0x000001b109bae930, 0x000001b11f456400, 0x000001b11f456db0, 0x000001b11f457a90,
0x000001b11d96a7e0, 0x000001b11f4d6fd0, 0x000001b109b4fa50, 0x000001b11f7571d0,
0x000001b121434aa0, 0x000001b1217c00b0, 0x000001b1217c0580, 0x000001b1217c1010,
0x000001b12156a130, 0x000001b1217a2870, 0x000001b1217a1a00, 0x000001b1217a2d40,
0x000001b1217a36e0, 0x000001b12179fd20, 0x000001b1217a3210, 0x000001b1217a23a0,
0x000001b1217a0b90, 0x000001b1217a06c0, 0x000001b1217a1ed0, 0x000001b124a16230,
0x000001b124a12870, 0x000001b124a14ef0, 0x000001b121b0c190, 0x000001b124a11ed0
}

Java Threads: ( => current thread )
  0x000001b109aee200 JavaThread "main" [_thread_blocked, id=1484, stack(0x0000000b90200000,0x0000000b90300000)]
  0x000001b109b9f320 JavaThread "Reference Handler" daemon [_thread_blocked, id=24884, stack(0x0000000b90500000,0x0000000b90600000)]
  0x000001b109ba04e0 JavaThread "Finalizer" daemon [_thread_blocked, id=7848, stack(0x0000000b90600000,0x0000000b90700000)]
  0x000001b109bade70 JavaThread "Signal Dispatcher" daemon [_thread_blocked, id=3448, stack(0x0000000b90700000,0x0000000b90800000)]
  0x000001b109bae930 JavaThread "Attach Listener" daemon [_thread_blocked, id=22156, stack(0x0000000b90800000,0x0000000b90900000)]
  0x000001b11f456400 JavaThread "Service Thread" daemon [_thread_blocked, id=14868, stack(0x0000000b90900000,0x0000000b90a00000)]
  0x000001b11f456db0 JavaThread "Monitor Deflation Thread" daemon [_thread_blocked, id=24952, stack(0x0000000b90a00000,0x0000000b90b00000)]
=>0x000001b11f457a90 JavaThread "C2 CompilerThread0" daemon [_thread_in_native, id=15476, stack(0x0000000b90b00000,0x0000000b90c00000)]
  0x000001b11d96a7e0 JavaThread "C1 CompilerThread0" daemon [_thread_blocked, id=11348, stack(0x0000000b90c00000,0x0000000b90d00000)]
  0x000001b11f4d6fd0 JavaThread "Sweeper thread" daemon [_thread_blocked, id=10256, stack(0x0000000b90d00000,0x0000000b90e00000)]
  0x000001b109b4fa50 JavaThread "Common-Cleaner" daemon [_thread_blocked, id=24144, stack(0x0000000b90e00000,0x0000000b90f00000)]
  0x000001b11f7571d0 JavaThread "Notification Thread" daemon [_thread_blocked, id=17448, stack(0x0000000b90f00000,0x0000000b91000000)]
  0x000001b121434aa0 JavaThread "Equinox resolver thread - Equinox Container: 77640a59-0370-418f-a575-20c06d18d93c" daemon [_thread_blocked, id=14616, stack(0x0000000b91800000,0x0000000b91900000)]
  0x000001b1217c00b0 JavaThread "Equinox resolver thread - Equinox Container: 77640a59-0370-418f-a575-20c06d18d93c" daemon [_thread_blocked, id=24972, stack(0x0000000b91900000,0x0000000b91a00000)]
  0x000001b1217c0580 JavaThread "Equinox resolver thread - Equinox Container: 77640a59-0370-418f-a575-20c06d18d93c" daemon [_thread_blocked, id=20892, stack(0x0000000b91a00000,0x0000000b91b00000)]
  0x000001b1217c1010 JavaThread "Equinox resolver thread - Equinox Container: 77640a59-0370-418f-a575-20c06d18d93c" daemon [_thread_blocked, id=3620, stack(0x0000000b91b00000,0x0000000b91c00000)]
  0x000001b12156a130 JavaThread "Equinox resolver thread - Equinox Container: 77640a59-0370-418f-a575-20c06d18d93c" daemon [_thread_blocked, id=10232, stack(0x0000000b91c00000,0x0000000b91d00000)]
  0x000001b1217a2870 JavaThread "Equinox resolver thread - Equinox Container: 77640a59-0370-418f-a575-20c06d18d93c" daemon [_thread_blocked, id=18180, stack(0x0000000b91d00000,0x0000000b91e00000)]
  0x000001b1217a1a00 JavaThread "Active Thread: Equinox Container: 77640a59-0370-418f-a575-20c06d18d93c" [_thread_blocked, id=25084, stack(0x0000000b91e00000,0x0000000b91f00000)]
  0x000001b1217a2d40 JavaThread "Refresh Thread: Equinox Container: 77640a59-0370-418f-a575-20c06d18d93c" daemon [_thread_blocked, id=17128, stack(0x0000000b91700000,0x0000000b91800000)]
  0x000001b1217a36e0 JavaThread "Equinox resolver thread - Equinox Container: 77640a59-0370-418f-a575-20c06d18d93c" daemon [_thread_blocked, id=19704, stack(0x0000000b92100000,0x0000000b92200000)]
  0x000001b12179fd20 JavaThread "Equinox resolver thread - Equinox Container: 77640a59-0370-418f-a575-20c06d18d93c" daemon [_thread_blocked, id=22496, stack(0x0000000b92200000,0x0000000b92300000)]
  0x000001b1217a3210 JavaThread "Framework Event Dispatcher: Equinox Container: 77640a59-0370-418f-a575-20c06d18d93c" daemon [_thread_blocked, id=10000, stack(0x0000000b92400000,0x0000000b92500000)]
  0x000001b1217a23a0 JavaThread "Start Level: Equinox Container: 77640a59-0370-418f-a575-20c06d18d93c" daemon [_thread_in_Java, id=24796, stack(0x0000000b92500000,0x0000000b92600000)]
  0x000001b1217a0b90 JavaThread "SCR Component Actor" daemon [_thread_blocked, id=25924, stack(0x0000000b92600000,0x0000000b92700000)]
  0x000001b1217a06c0 JavaThread "SCR Component Registry" daemon [_thread_blocked, id=22892, stack(0x0000000b92700000,0x0000000b92800000)]
  0x000001b1217a1ed0 JavaThread "Bundle File Closer" daemon [_thread_blocked, id=25088, stack(0x0000000b92000000,0x0000000b92100000)]
  0x000001b124a16230 JavaThread "Worker-JM" [_thread_blocked, id=5184, stack(0x0000000b92300000,0x0000000b92400000)]
  0x000001b124a12870 JavaThread "Worker-0" [_thread_blocked, id=15108, stack(0x0000000b92800000,0x0000000b92900000)]
  0x000001b124a14ef0 JavaThread "Worker-1" [_thread_blocked, id=6576, stack(0x0000000b92900000,0x0000000b92a00000)]
  0x000001b121b0c190 JavaThread "C2 CompilerThread1" daemon [_thread_in_native, id=9812, stack(0x0000000b92a00000,0x0000000b92b00000)]
  0x000001b124a11ed0 JavaThread "Java indexing" daemon [_thread_blocked, id=10952, stack(0x0000000b92b00000,0x0000000b92c00000)]

Other Threads:
  0x000001b11f421c30 VMThread "VM Thread" [stack: 0x0000000b90400000,0x0000000b90500000] [id=23228]
  0x000001b11f7576a0 WatcherThread [stack: 0x0000000b91000000,0x0000000b91100000] [id=9724]
  0x000001b109b03820 GCTaskThread "GC Thread#0" [stack: 0x0000000b90300000,0x0000000b90400000] [id=8224]
  0x000001b120a91070 GCTaskThread "GC Thread#1" [stack: 0x0000000b91100000,0x0000000b91200000] [id=23924]
  0x000001b120882ef0 GCTaskThread "GC Thread#2" [stack: 0x0000000b91200000,0x0000000b91300000] [id=11624]
  0x000001b120a91320 GCTaskThread "GC Thread#3" [stack: 0x0000000b91300000,0x0000000b91400000] [id=18740]
  0x000001b120a915d0 GCTaskThread "GC Thread#4" [stack: 0x0000000b91400000,0x0000000b91500000] [id=22268]
  0x000001b120a91880 GCTaskThread "GC Thread#5" [stack: 0x0000000b91500000,0x0000000b91600000] [id=24968]
  0x000001b120a91b30 GCTaskThread "GC Thread#6" [stack: 0x0000000b91600000,0x0000000b91700000] [id=23068]
  0x000001b11f5bca60 GCTaskThread "GC Thread#7" [stack: 0x0000000b91f00000,0x0000000b92000000] [id=21348]

Threads with active compile tasks:
C2 CompilerThread0    13013 3380       4       org.objectweb.asm.ClassReader::readMethod (1066 bytes)
C2 CompilerThread1    13013 3598   !   4       org.eclipse.osgi.container.ModuleDatabase::getWiring (31 bytes)

VM state: not at safepoint (normal execution)

VM Mutex/Monitor currently owned by a thread: None

Heap address: 0x00000000c0000000, size: 1024 MB, Compressed Oops mode: 32-bit

CDS archive(s) not mapped
Compressed class space mapped at: 0x0000000100000000-0x0000000140000000, reserved size: 1073741824
Narrow klass base: 0x0000000000000000, Narrow klass shift: 3, Narrow klass range: 0x140000000

GC Precious Log:
 CPUs: 8 total, 8 available
 Memory: 16326M
 Large Page Support: Disabled
 NUMA Support: Disabled
 Compressed Oops: Enabled (32-bit)
 Alignments: Space 512K, Generation 512K, Heap 2M
 Heap Min Capacity: 100M
 Heap Initial Capacity: 100M
 Heap Max Capacity: 1G
 Pre-touch: Disabled
 Parallel Workers: 8

Heap:
 PSYoungGen      total 26112K, used 9495K [0x00000000eab00000, 0x00000000eca80000, 0x0000000100000000)
  eden space 23552K, 29% used [0x00000000eab00000,0x00000000eb1dc4f0,0x00000000ec200000)
  from space 2560K, 96% used [0x00000000ec780000,0x00000000ec9e9820,0x00000000eca00000)
  to   space 512K, 0% used [0x00000000eca00000,0x00000000eca00000,0x00000000eca80000)
 ParOldGen       total 68608K, used 10571K [0x00000000c0000000, 0x00000000c4300000, 0x00000000eab00000)
  object space 68608K, 15% used [0x00000000c0000000,0x00000000c0a52da0,0x00000000c4300000)
 Metaspace       used 31915K, committed 32576K, reserved 1081344K
  class space    used 3118K, committed 3392K, reserved 1048576K

Card table byte_map: [0x000001b1094c0000,0x000001b1096d0000] _byte_map_base: 0x000001b108ec0000

Marking Bits: (ParMarkBitMap*) 0x00007ffc80de3e70
 Begin Bits: [0x000001b11b770000, 0x000001b11c770000)
 End Bits:   [0x000001b11c770000, 0x000001b11d770000)

Polling page: 0x000001b1092b0000

Metaspace:

Usage:
  Non-class:     28.12 MB used.
      Class:      3.05 MB used.
       Both:     31.17 MB used.

Virtual space:
  Non-class space:       32.00 MB reserved,      28.50 MB ( 89%) committed,  4 nodes.
      Class space:        1.00 GB reserved,       3.31 MB ( <1%) committed,  1 nodes.
             Both:        1.03 GB reserved,      31.81 MB (  3%) committed. 

Chunk freelists:
   Non-Class:  2.74 MB
       Class:  758.00 KB
        Both:  3.48 MB

MaxMetaspaceSize: unlimited
CompressedClassSpaceSize: 1.00 GB
Initial GC threshold: 21.00 MB
Current GC threshold: 35.00 MB
CDS: off
MetaspaceReclaimPolicy: balanced
 - commit_granule_bytes: 65536.
 - commit_granule_words: 8192.
 - virtual_space_node_default_size: 1048576.
 - enlarge_chunks_in_place: 1.
 - new_chunks_are_fully_committed: 0.
 - uncommit_free_chunks: 1.
 - use_allocation_guard: 0.
 - handle_deallocations: 1.


Internal statistics:

num_allocs_failed_limit: 3.
num_arena_births: 256.
num_arena_deaths: 14.
num_vsnodes_births: 5.
num_vsnodes_deaths: 0.
num_space_committed: 509.
num_space_uncommitted: 0.
num_chunks_returned_to_freelist: 17.
num_chunks_taken_from_freelist: 1151.
num_chunk_merges: 7.
num_chunk_splits: 777.
num_chunks_enlarged: 557.
num_purges: 2.
num_inconsistent_stats: 0.

CodeHeap 'non-profiled nmethods': size=120000Kb used=1706Kb max_used=1706Kb free=118293Kb
 bounds [0x000001b114240000, 0x000001b1144b0000, 0x000001b11b770000]
CodeHeap 'profiled nmethods': size=120000Kb used=7768Kb max_used=7768Kb free=112231Kb
 bounds [0x000001b10c770000, 0x000001b10cf10000, 0x000001b113ca0000]
CodeHeap 'non-nmethods': size=5760Kb used=1245Kb max_used=1271Kb free=4515Kb
 bounds [0x000001b113ca0000, 0x000001b113f10000, 0x000001b114240000]
 total_blobs=4163 nmethods=3601 adapters=475
 compilation: enabled
              stopped_count=0, restarted_count=0
 full_count=0

Compilation events (20 events):
Event: 12.897 Thread 0x000001b121b0c190 nmethod 3531% 0x000001b1143e0b90 code [0x000001b1143e0fe0, 0x000001b1143e4e98]
Event: 12.966 Thread 0x000001b11d96a7e0 3569       3       sun.nio.fs.WindowsFileAttributes::isReparsePoint (14 bytes)
Event: 12.966 Thread 0x000001b11d96a7e0 nmethod 3569 0x000001b10cef4d10 code [0x000001b10cef4ea0, 0x000001b10cef4ff8]
Event: 12.966 Thread 0x000001b11d96a7e0 3570       3       sun.nio.fs.WindowsFileAttributes::<init> (57 bytes)
Event: 12.966 Thread 0x000001b11d96a7e0 nmethod 3570 0x000001b10cef5090 code [0x000001b10cef5220, 0x000001b10cef53b8]
Event: 12.966 Thread 0x000001b11d96a7e0 3572   !   3       java.nio.charset.Charset::defaultCharset (53 bytes)
Event: 12.967 Thread 0x000001b11d96a7e0 nmethod 3572 0x000001b10cef5490 code [0x000001b10cef5740, 0x000001b10cef64b8]
Event: 12.967 Thread 0x000001b11d96a7e0 3573       3       java.lang.String::getBytes (15 bytes)
Event: 12.967 Thread 0x000001b11d96a7e0 nmethod 3573 0x000001b10cef6a10 code [0x000001b10cef6bc0, 0x000001b10cef6db8]
Event: 12.967 Thread 0x000001b11d96a7e0 3571       1       sun.nio.fs.WindowsPath::toString (5 bytes)
Event: 12.967 Thread 0x000001b11d96a7e0 nmethod 3571 0x000001b1143e7510 code [0x000001b1143e76a0, 0x000001b1143e7778]
Event: 12.967 Thread 0x000001b121b0c190 3574       4       jdk.internal.misc.Unsafe::getInt (7 bytes)
Event: 12.967 Thread 0x000001b11d96a7e0 3575       1       java.nio.file.Files$AcceptAllFilter::accept (2 bytes)
Event: 12.968 Thread 0x000001b11d96a7e0 nmethod 3575 0x000001b1143e7810 code [0x000001b1143e79a0, 0x000001b1143e7a78]
Event: 12.968 Thread 0x000001b121b0c190 nmethod 3574 0x000001b1143e7b10 code [0x000001b1143e7c80, 0x000001b1143e7cf8]
Event: 12.968 Thread 0x000001b11d96a7e0 3576       3       java.security.MessageDigest::update (14 bytes)
Event: 12.968 Thread 0x000001b11d96a7e0 nmethod 3576 0x000001b10cef6e90 code [0x000001b10cef7040, 0x000001b10cef7308]
Event: 12.968 Thread 0x000001b11d96a7e0 3577       3       java.lang.String::encodeUTF8 (141 bytes)
Event: 12.968 Thread 0x000001b11d96a7e0 nmethod 3577 0x000001b10cef7490 code [0x000001b10cef76a0, 0x000001b10cef7bd8]
Event: 12.974 Thread 0x000001b11d96a7e0 3578   !   3       sun.nio.fs.WindowsPath::createFromNormalizedPath (65 bytes)

GC Heap History (20 events):
Event: 1.461 GC heap before
{Heap before GC invocations=1 (full 0):
 PSYoungGen      total 29696K, used 25600K [0x00000000eab00000, 0x00000000ecc00000, 0x0000000100000000)
  eden space 25600K, 100% used [0x00000000eab00000,0x00000000ec400000,0x00000000ec400000)
  from space 4096K, 0% used [0x00000000ec800000,0x00000000ec800000,0x00000000ecc00000)
  to   space 4096K, 0% used [0x00000000ec400000,0x00000000ec400000,0x00000000ec800000)
 ParOldGen       total 68608K, used 0K [0x00000000c0000000, 0x00000000c4300000, 0x00000000eab00000)
  object space 68608K, 0% used [0x00000000c0000000,0x00000000c0000000,0x00000000c4300000)
 Metaspace       used 11107K, committed 11328K, reserved 1064960K
  class space    used 1104K, committed 1216K, reserved 1048576K
}
Event: 1.475 GC heap after
{Heap after GC invocations=1 (full 0):
 PSYoungGen      total 29696K, used 3249K [0x00000000eab00000, 0x00000000ecc00000, 0x0000000100000000)
  eden space 25600K, 0% used [0x00000000eab00000,0x00000000eab00000,0x00000000ec400000)
  from space 4096K, 79% used [0x00000000ec400000,0x00000000ec72c680,0x00000000ec800000)
  to   space 4096K, 0% used [0x00000000ec800000,0x00000000ec800000,0x00000000ecc00000)
 ParOldGen       total 68608K, used 0K [0x00000000c0000000, 0x00000000c4300000, 0x00000000eab00000)
  object space 68608K, 0% used [0x00000000c0000000,0x00000000c0000000,0x00000000c4300000)
 Metaspace       used 11107K, committed 11328K, reserved 1064960K
  class space    used 1104K, committed 1216K, reserved 1048576K
}
Event: 6.769 GC heap before
{Heap before GC invocations=2 (full 0):
 PSYoungGen      total 29696K, used 28849K [0x00000000eab00000, 0x00000000ecc00000, 0x0000000100000000)
  eden space 25600K, 100% used [0x00000000eab00000,0x00000000ec400000,0x00000000ec400000)
  from space 4096K, 79% used [0x00000000ec400000,0x00000000ec72c680,0x00000000ec800000)
  to   space 4096K, 0% used [0x00000000ec800000,0x00000000ec800000,0x00000000ecc00000)
 ParOldGen       total 68608K, used 0K [0x00000000c0000000, 0x00000000c4300000, 0x00000000eab00000)
  object space 68608K, 0% used [0x00000000c0000000,0x00000000c0000000,0x00000000c4300000)
 Metaspace       used 14267K, committed 14528K, reserved 1064960K
  class space    used 1430K, committed 1536K, reserved 1048576K
}
Event: 6.774 GC heap after
{Heap after GC invocations=2 (full 0):
 PSYoungGen      total 29696K, used 4071K [0x00000000eab00000, 0x00000000ecc00000, 0x0000000100000000)
  eden space 25600K, 0% used [0x00000000eab00000,0x00000000eab00000,0x00000000ec400000)
  from space 4096K, 99% used [0x00000000ec800000,0x00000000ecbf9ed8,0x00000000ecc00000)
  to   space 4096K, 0% used [0x00000000ec400000,0x00000000ec400000,0x00000000ec800000)
 ParOldGen       total 68608K, used 976K [0x00000000c0000000, 0x00000000c4300000, 0x00000000eab00000)
  object space 68608K, 1% used [0x00000000c0000000,0x00000000c00f4360,0x00000000c4300000)
 Metaspace       used 14267K, committed 14528K, reserved 1064960K
  class space    used 1430K, committed 1536K, reserved 1048576K
}
Event: 7.249 GC heap before
{Heap before GC invocations=3 (full 0):
 PSYoungGen      total 29696K, used 29671K [0x00000000eab00000, 0x00000000ecc00000, 0x0000000100000000)
  eden space 25600K, 100% used [0x00000000eab00000,0x00000000ec400000,0x00000000ec400000)
  from space 4096K, 99% used [0x00000000ec800000,0x00000000ecbf9ed8,0x00000000ecc00000)
  to   space 4096K, 0% used [0x00000000ec400000,0x00000000ec400000,0x00000000ec800000)
 ParOldGen       total 68608K, used 976K [0x00000000c0000000, 0x00000000c4300000, 0x00000000eab00000)
  object space 68608K, 1% used [0x00000000c0000000,0x00000000c00f4360,0x00000000c4300000)
 Metaspace       used 14573K, committed 14720K, reserved 1064960K
  class space    used 1436K, committed 1536K, reserved 1048576K
}
Event: 7.256 GC heap after
{Heap after GC invocations=3 (full 0):
 PSYoungGen      total 29696K, used 4071K [0x00000000eab00000, 0x00000000ecc00000, 0x0000000100000000)
  eden space 25600K, 0% used [0x00000000eab00000,0x00000000eab00000,0x00000000ec400000)
  from space 4096K, 99% used [0x00000000ec400000,0x00000000ec7f9f08,0x00000000ec800000)
  to   space 4096K, 0% used [0x00000000ec800000,0x00000000ec800000,0x00000000ecc00000)
 ParOldGen       total 68608K, used 5021K [0x00000000c0000000, 0x00000000c4300000, 0x00000000eab00000)
  object space 68608K, 7% used [0x00000000c0000000,0x00000000c04e74a0,0x00000000c4300000)
 Metaspace       used 14573K, committed 14720K, reserved 1064960K
  class space    used 1436K, committed 1536K, reserved 1048576K
}
Event: 7.629 GC heap before
{Heap before GC invocations=4 (full 0):
 PSYoungGen      total 29696K, used 29671K [0x00000000eab00000, 0x00000000ecc00000, 0x0000000100000000)
  eden space 25600K, 99% used [0x00000000eab00000,0x00000000ec3ffff0,0x00000000ec400000)
  from space 4096K, 99% used [0x00000000ec400000,0x00000000ec7f9f08,0x00000000ec800000)
  to   space 4096K, 0% used [0x00000000ec800000,0x00000000ec800000,0x00000000ecc00000)
 ParOldGen       total 68608K, used 5021K [0x00000000c0000000, 0x00000000c4300000, 0x00000000eab00000)
  object space 68608K, 7% used [0x00000000c0000000,0x00000000c04e74a0,0x00000000c4300000)
 Metaspace       used 15540K, committed 15872K, reserved 1064960K
  class space    used 1555K, committed 1728K, reserved 1048576K
}
Event: 7.635 GC heap after
{Heap after GC invocations=4 (full 0):
 PSYoungGen      total 29696K, used 4077K [0x00000000eab00000, 0x00000000ecc00000, 0x0000000100000000)
  eden space 25600K, 0% used [0x00000000eab00000,0x00000000eab00000,0x00000000ec400000)
  from space 4096K, 99% used [0x00000000ec800000,0x00000000ecbfb708,0x00000000ecc00000)
  to   space 4096K, 0% used [0x00000000ec400000,0x00000000ec400000,0x00000000ec800000)
 ParOldGen       total 68608K, used 5733K [0x00000000c0000000, 0x00000000c4300000, 0x00000000eab00000)
  object space 68608K, 8% used [0x00000000c0000000,0x00000000c0599550,0x00000000c4300000)
 Metaspace       used 15540K, committed 15872K, reserved 1064960K
  class space    used 1555K, committed 1728K, reserved 1048576K
}
Event: 8.658 GC heap before
{Heap before GC invocations=5 (full 0):
 PSYoungGen      total 29696K, used 29677K [0x00000000eab00000, 0x00000000ecc00000, 0x0000000100000000)
  eden space 25600K, 100% used [0x00000000eab00000,0x00000000ec400000,0x00000000ec400000)
  from space 4096K, 99% used [0x00000000ec800000,0x00000000ecbfb708,0x00000000ecc00000)
  to   space 4096K, 0% used [0x00000000ec400000,0x00000000ec400000,0x00000000ec800000)
 ParOldGen       total 68608K, used 5733K [0x00000000c0000000, 0x00000000c4300000, 0x00000000eab00000)
  object space 68608K, 8% used [0x00000000c0000000,0x00000000c0599550,0x00000000c4300000)
 Metaspace       used 19138K, committed 19520K, reserved 1073152K
  class space    used 1908K, committed 2048K, reserved 1048576K
}
Event: 8.665 GC heap after
{Heap after GC invocations=5 (full 0):
 PSYoungGen      total 29184K, used 4085K [0x00000000eab00000, 0x00000000ed580000, 0x0000000100000000)
  eden space 25088K, 0% used [0x00000000eab00000,0x00000000eab00000,0x00000000ec380000)
  from space 4096K, 99% used [0x00000000ec400000,0x00000000ec7fd748,0x00000000ec800000)
  to   space 9216K, 0% used [0x00000000ecc80000,0x00000000ecc80000,0x00000000ed580000)
 ParOldGen       total 68608K, used 10092K [0x00000000c0000000, 0x00000000c4300000, 0x00000000eab00000)
  object space 68608K, 14% used [0x00000000c0000000,0x00000000c09db2c0,0x00000000c4300000)
 Metaspace       used 19138K, committed 19520K, reserved 1073152K
  class space    used 1908K, committed 2048K, reserved 1048576K
}
Event: 8.899 GC heap before
{Heap before GC invocations=6 (full 0):
 PSYoungGen      total 29184K, used 13509K [0x00000000eab00000, 0x00000000ed580000, 0x0000000100000000)
  eden space 25088K, 37% used [0x00000000eab00000,0x00000000eb433cc0,0x00000000ec380000)
  from space 4096K, 99% used [0x00000000ec400000,0x00000000ec7fd748,0x00000000ec800000)
  to   space 9216K, 0% used [0x00000000ecc80000,0x00000000ecc80000,0x00000000ed580000)
 ParOldGen       total 68608K, used 10092K [0x00000000c0000000, 0x00000000c4300000, 0x00000000eab00000)
  object space 68608K, 14% used [0x00000000c0000000,0x00000000c09db2c0,0x00000000c4300000)
 Metaspace       used 21081K, committed 21504K, reserved 1073152K
  class space    used 2094K, committed 2304K, reserved 1048576K
}
Event: 8.903 GC heap after
{Heap after GC invocations=6 (full 0):
 PSYoungGen      total 30208K, used 5017K [0x00000000eab00000, 0x00000000ed180000, 0x0000000100000000)
  eden space 25088K, 0% used [0x00000000eab00000,0x00000000eab00000,0x00000000ec380000)
  from space 5120K, 97% used [0x00000000ecc80000,0x00000000ed166558,0x00000000ed180000)
  to   space 6656K, 0% used [0x00000000ec480000,0x00000000ec480000,0x00000000ecb00000)
 ParOldGen       total 68608K, used 10100K [0x00000000c0000000, 0x00000000c4300000, 0x00000000eab00000)
  object space 68608K, 14% used [0x00000000c0000000,0x00000000c09dd2c0,0x00000000c4300000)
 Metaspace       used 21081K, committed 21504K, reserved 1073152K
  class space    used 2094K, committed 2304K, reserved 1048576K
}
Event: 8.903 GC heap before
{Heap before GC invocations=7 (full 1):
 PSYoungGen      total 30208K, used 5017K [0x00000000eab00000, 0x00000000ed180000, 0x0000000100000000)
  eden space 25088K, 0% used [0x00000000eab00000,0x00000000eab00000,0x00000000ec380000)
  from space 5120K, 97% used [0x00000000ecc80000,0x00000000ed166558,0x00000000ed180000)
  to   space 6656K, 0% used [0x00000000ec480000,0x00000000ec480000,0x00000000ecb00000)
 ParOldGen       total 68608K, used 10100K [0x00000000c0000000, 0x00000000c4300000, 0x00000000eab00000)
  object space 68608K, 14% used [0x00000000c0000000,0x00000000c09dd2c0,0x00000000c4300000)
 Metaspace       used 21081K, committed 21504K, reserved 1073152K
  class space    used 2094K, committed 2304K, reserved 1048576K
}
Event: 8.927 GC heap after
{Heap after GC invocations=7 (full 1):
 PSYoungGen      total 30208K, used 0K [0x00000000eab00000, 0x00000000ed180000, 0x0000000100000000)
  eden space 25088K, 0% used [0x00000000eab00000,0x00000000eab00000,0x00000000ec380000)
  from space 5120K, 0% used [0x00000000ecc80000,0x00000000ecc80000,0x00000000ed180000)
  to   space 6656K, 0% used [0x00000000ec480000,0x00000000ec480000,0x00000000ecb00000)
 ParOldGen       total 68608K, used 10547K [0x00000000c0000000, 0x00000000c4300000, 0x00000000eab00000)
  object space 68608K, 15% used [0x00000000c0000000,0x00000000c0a4cda0,0x00000000c4300000)
 Metaspace       used 21068K, committed 21504K, reserved 1073152K
  class space    used 2090K, committed 2304K, reserved 1048576K
}
Event: 12.073 GC heap before
{Heap before GC invocations=8 (full 1):
 PSYoungGen      total 30208K, used 25088K [0x00000000eab00000, 0x00000000ed180000, 0x0000000100000000)
  eden space 25088K, 100% used [0x00000000eab00000,0x00000000ec380000,0x00000000ec380000)
  from space 5120K, 0% used [0x00000000ecc80000,0x00000000ecc80000,0x00000000ed180000)
  to   space 6656K, 0% used [0x00000000ec480000,0x00000000ec480000,0x00000000ecb00000)
 ParOldGen       total 68608K, used 10547K [0x00000000c0000000, 0x00000000c4300000, 0x00000000eab00000)
  object space 68608K, 15% used [0x00000000c0000000,0x00000000c0a4cda0,0x00000000c4300000)
 Metaspace       used 24510K, committed 25024K, reserved 1073152K
  class space    used 2519K, committed 2752K, reserved 1048576K
}
Event: 12.075 GC heap after
{Heap after GC invocations=8 (full 1):
 PSYoungGen      total 26624K, used 1552K [0x00000000eab00000, 0x00000000ecd00000, 0x0000000100000000)
  eden space 24576K, 0% used [0x00000000eab00000,0x00000000eab00000,0x00000000ec300000)
  from space 2048K, 75% used [0x00000000ec480000,0x00000000ec6041f0,0x00000000ec680000)
  to   space 3072K, 0% used [0x00000000eca00000,0x00000000eca00000,0x00000000ecd00000)
 ParOldGen       total 68608K, used 10555K [0x00000000c0000000, 0x00000000c4300000, 0x00000000eab00000)
  object space 68608K, 15% used [0x00000000c0000000,0x00000000c0a4eda0,0x00000000c4300000)
 Metaspace       used 24510K, committed 25024K, reserved 1073152K
  class space    used 2519K, committed 2752K, reserved 1048576K
}
Event: 12.392 GC heap before
{Heap before GC invocations=9 (full 1):
 PSYoungGen      total 26624K, used 26128K [0x00000000eab00000, 0x00000000ecd00000, 0x0000000100000000)
  eden space 24576K, 100% used [0x00000000eab00000,0x00000000ec300000,0x00000000ec300000)
  from space 2048K, 75% used [0x00000000ec480000,0x00000000ec6041f0,0x00000000ec680000)
  to   space 3072K, 0% used [0x00000000eca00000,0x00000000eca00000,0x00000000ecd00000)
 ParOldGen       total 68608K, used 10555K [0x00000000c0000000, 0x00000000c4300000, 0x00000000eab00000)
  object space 68608K, 15% used [0x00000000c0000000,0x00000000c0a4eda0,0x00000000c4300000)
 Metaspace       used 27668K, committed 28160K, reserved 1081344K
  class space    used 2750K, committed 2944K, reserved 1048576K
}
Event: 12.393 GC heap after
{Heap after GC invocations=9 (full 1):
 PSYoungGen      total 26624K, used 2104K [0x00000000eab00000, 0x00000000ecc80000, 0x0000000100000000)
  eden space 24064K, 0% used [0x00000000eab00000,0x00000000eab00000,0x00000000ec280000)
  from space 2560K, 82% used [0x00000000eca00000,0x00000000ecc0e3a8,0x00000000ecc80000)
  to   space 2560K, 0% used [0x00000000ec780000,0x00000000ec780000,0x00000000eca00000)
 ParOldGen       total 68608K, used 10563K [0x00000000c0000000, 0x00000000c4300000, 0x00000000eab00000)
  object space 68608K, 15% used [0x00000000c0000000,0x00000000c0a50da0,0x00000000c4300000)
 Metaspace       used 27668K, committed 28160K, reserved 1081344K
  class space    used 2750K, committed 2944K, reserved 1048576K
}
Event: 12.685 GC heap before
{Heap before GC invocations=10 (full 1):
 PSYoungGen      total 26624K, used 26168K [0x00000000eab00000, 0x00000000ecc80000, 0x0000000100000000)
  eden space 24064K, 100% used [0x00000000eab00000,0x00000000ec280000,0x00000000ec280000)
  from space 2560K, 82% used [0x00000000eca00000,0x00000000ecc0e3a8,0x00000000ecc80000)
  to   space 2560K, 0% used [0x00000000ec780000,0x00000000ec780000,0x00000000eca00000)
 ParOldGen       total 68608K, used 10563K [0x00000000c0000000, 0x00000000c4300000, 0x00000000eab00000)
  object space 68608K, 15% used [0x00000000c0000000,0x00000000c0a50da0,0x00000000c4300000)
 Metaspace       used 30716K, committed 31232K, reserved 1081344K
  class space    used 2987K, committed 3200K, reserved 1048576K
}
Event: 12.686 GC heap after
{Heap after GC invocations=10 (full 1):
 PSYoungGen      total 26112K, used 2470K [0x00000000eab00000, 0x00000000eca80000, 0x0000000100000000)
  eden space 23552K, 0% used [0x00000000eab00000,0x00000000eab00000,0x00000000ec200000)
  from space 2560K, 96% used [0x00000000ec780000,0x00000000ec9e9820,0x00000000eca00000)
  to   space 512K, 0% used [0x00000000eca00000,0x00000000eca00000,0x00000000eca80000)
 ParOldGen       total 68608K, used 10571K [0x00000000c0000000, 0x00000000c4300000, 0x00000000eab00000)
  object space 68608K, 15% used [0x00000000c0000000,0x00000000c0a52da0,0x00000000c4300000)
 Metaspace       used 30716K, committed 31232K, reserved 1081344K
  class space    used 2987K, committed 3200K, reserved 1048576K
}

Dll operation events (9 events):
Event: 0.013 Loaded shared library c:\Users\Farhan\.vscode\extensions\redhat.java-1.15.0-win32-x64\jre\17.0.6-win32-x86_64\bin\java.dll
Event: 0.296 Loaded shared library c:\Users\Farhan\.vscode\extensions\redhat.java-1.15.0-win32-x64\jre\17.0.6-win32-x86_64\bin\zip.dll
Event: 0.300 Loaded shared library C:\Users\Farhan\.vscode\extensions\redhat.java-1.15.0-win32-x64\jre\17.0.6-win32-x86_64\bin\instrument.dll
Event: 0.317 Loaded shared library C:\Users\Farhan\.vscode\extensions\redhat.java-1.15.0-win32-x64\jre\17.0.6-win32-x86_64\bin\net.dll
Event: 0.319 Loaded shared library C:\Users\Farhan\.vscode\extensions\redhat.java-1.15.0-win32-x64\jre\17.0.6-win32-x86_64\bin\nio.dll
Event: 0.329 Loaded shared library C:\Users\Farhan\.vscode\extensions\redhat.java-1.15.0-win32-x64\jre\17.0.6-win32-x86_64\bin\zip.dll
Event: 0.358 Loaded shared library C:\Users\Farhan\.vscode\extensions\redhat.java-1.15.0-win32-x64\jre\17.0.6-win32-x86_64\bin\jimage.dll
Event: 0.443 Loaded shared library c:\Users\Farhan\.vscode\extensions\redhat.java-1.15.0-win32-x64\jre\17.0.6-win32-x86_64\bin\verify.dll
Event: 6.843 Loaded shared library C:\Users\Farhan\AppData\Roaming\Code\User\globalStorage\redhat.java\1.15.0\config_win\org.eclipse.equinox.launcher\org.eclipse.equinox.launcher.win32.win32.x86_64_1.2.700.v20221108-1024\eclipse_11801.dll

Deoptimization events (20 events):
Event: 12.791 Thread 0x000001b1217a23a0 Uncommon trap: trap_request=0xffffffc6 fr.pc=0x000001b1142c9f60 relative=0x0000000000000940
Event: 12.791 Thread 0x000001b1217a23a0 Uncommon trap: reason=bimorphic_or_optimized_type_check action=maybe_recompile pc=0x000001b1142c9f60 method=java.util.HashMap.putVal(ILjava/lang/Object;Ljava/lang/Object;ZZ)Ljava/lang/Object; @ 56 c2
Event: 12.791 Thread 0x000001b1217a23a0 DEOPT PACKING pc=0x000001b1142c9f60 sp=0x0000000b925fd7e0
Event: 12.791 Thread 0x000001b1217a23a0 DEOPT UNPACKING pc=0x000001b113cf66a3 sp=0x0000000b925fd6e0 mode 2
Event: 12.791 Thread 0x000001b1217a23a0 Uncommon trap: trap_request=0xffffffc6 fr.pc=0x000001b1142c9f60 relative=0x0000000000000940
Event: 12.791 Thread 0x000001b1217a23a0 Uncommon trap: reason=bimorphic_or_optimized_type_check action=maybe_recompile pc=0x000001b1142c9f60 method=java.util.HashMap.putVal(ILjava/lang/Object;Ljava/lang/Object;ZZ)Ljava/lang/Object; @ 56 c2
Event: 12.791 Thread 0x000001b1217a23a0 DEOPT PACKING pc=0x000001b1142c9f60 sp=0x0000000b925fd7e0
Event: 12.791 Thread 0x000001b1217a23a0 DEOPT UNPACKING pc=0x000001b113cf66a3 sp=0x0000000b925fd6e0 mode 2
Event: 12.791 Thread 0x000001b1217a23a0 Uncommon trap: trap_request=0xffffffc6 fr.pc=0x000001b1142c9f9c relative=0x000000000000097c
Event: 12.791 Thread 0x000001b1217a23a0 Uncommon trap: reason=bimorphic_or_optimized_type_check action=maybe_recompile pc=0x000001b1142c9f9c method=java.util.HashMap.putVal(ILjava/lang/Object;Ljava/lang/Object;ZZ)Ljava/lang/Object; @ 152 c2
Event: 12.791 Thread 0x000001b1217a23a0 DEOPT PACKING pc=0x000001b1142c9f9c sp=0x0000000b925fd7e0
Event: 12.791 Thread 0x000001b1217a23a0 DEOPT UNPACKING pc=0x000001b113cf66a3 sp=0x0000000b925fd6e8 mode 2
Event: 12.791 Thread 0x000001b1217a23a0 Uncommon trap: trap_request=0xffffffc6 fr.pc=0x000001b1142c9f60 relative=0x0000000000000940
Event: 12.791 Thread 0x000001b1217a23a0 Uncommon trap: reason=bimorphic_or_optimized_type_check action=maybe_recompile pc=0x000001b1142c9f60 method=java.util.HashMap.putVal(ILjava/lang/Object;Ljava/lang/Object;ZZ)Ljava/lang/Object; @ 56 c2
Event: 12.791 Thread 0x000001b1217a23a0 DEOPT PACKING pc=0x000001b1142c9f60 sp=0x0000000b925fd7e0
Event: 12.791 Thread 0x000001b1217a23a0 DEOPT UNPACKING pc=0x000001b113cf66a3 sp=0x0000000b925fd6e0 mode 2
Event: 12.791 Thread 0x000001b1217a23a0 Uncommon trap: trap_request=0xffffffc6 fr.pc=0x000001b1142c8c8c relative=0x00000000000008ec
Event: 12.791 Thread 0x000001b1217a23a0 Uncommon trap: reason=bimorphic_or_optimized_type_check action=maybe_recompile pc=0x000001b1142c8c8c method=java.util.HashMap.putVal(ILjava/lang/Object;Ljava/lang/Object;ZZ)Ljava/lang/Object; @ 56 c2
Event: 12.791 Thread 0x000001b1217a23a0 DEOPT PACKING pc=0x000001b1142c8c8c sp=0x0000000b925fd750
Event: 12.791 Thread 0x000001b1217a23a0 DEOPT UNPACKING pc=0x000001b113cf66a3 sp=0x0000000b925fd6d8 mode 2

Classes unloaded (7 events):
Event: 8.907 Thread 0x000001b11f421c30 Unloading class 0x000000010025a000 'java/lang/invoke/LambdaForm$MH+0x000000010025a000'
Event: 8.907 Thread 0x000001b11f421c30 Unloading class 0x0000000100259c00 'java/lang/invoke/LambdaForm$MH+0x0000000100259c00'
Event: 8.907 Thread 0x000001b11f421c30 Unloading class 0x0000000100259800 'java/lang/invoke/LambdaForm$MH+0x0000000100259800'
Event: 8.907 Thread 0x000001b11f421c30 Unloading class 0x0000000100259400 'java/lang/invoke/LambdaForm$MH+0x0000000100259400'
Event: 8.907 Thread 0x000001b11f421c30 Unloading class 0x0000000100258c00 'java/lang/invoke/LambdaForm$BMH+0x0000000100258c00'
Event: 8.907 Thread 0x000001b11f421c30 Unloading class 0x0000000100258800 'java/lang/invoke/LambdaForm$DMH+0x0000000100258800'
Event: 8.907 Thread 0x000001b11f421c30 Unloading class 0x0000000100256000 'java/lang/invoke/LambdaForm$DMH+0x0000000100256000'

Classes redefined (0 events):
No events

Internal exceptions (20 events):
Event: 9.152 Thread 0x000001b1217a23a0 Exception <a 'java/lang/NoSuchMethodError'{0x00000000eb078fd0}: 'java.lang.Object java.lang.invoke.DirectMethodHandle$Holder.invokeSpecial(java.lang.Object, java.lang.Object, java.lang.Object, long, java.lang.Object)'> (0x00000000eb078fd0) 
thrown [s\src\hotspot\share\interpreter\linkResolver.cpp, line 759]
Event: 9.153 Thread 0x000001b1217a23a0 Exception <a 'java/lang/NoSuchMethodError'{0x00000000eb081188}: 'java.lang.Object java.lang.invoke.DirectMethodHandle$Holder.newInvokeSpecial(java.lang.Object, java.lang.Object, java.lang.Object, long)'> (0x00000000eb081188) 
thrown [s\src\hotspot\share\interpreter\linkResolver.cpp, line 759]
Event: 9.154 Thread 0x000001b1217a23a0 Exception <a 'java/lang/NoSuchMethodError'{0x00000000eb085728}: 'java.lang.Object java.lang.invoke.DirectMethodHandle$Holder.invokeSpecial(java.lang.Object, java.lang.Object, java.lang.Object, java.lang.Object, long)'> (0x00000000eb085728) 
thrown [s\src\hotspot\share\interpreter\linkResolver.cpp, line 759]
Event: 9.165 Thread 0x000001b1217a23a0 Exception <a 'java/lang/NoSuchMethodError'{0x00000000eb0d69c0}: 'int java.lang.invoke.DirectMethodHandle$Holder.invokeStaticInit(java.lang.Object, java.lang.Object, java.lang.Object)'> (0x00000000eb0d69c0) 
thrown [s\src\hotspot\share\interpreter\linkResolver.cpp, line 759]
Event: 9.181 Thread 0x000001b1217a23a0 Exception <a 'java/lang/IncompatibleClassChangeError'{0x00000000eb158928}: Found class java.lang.Object, but interface was expected> (0x00000000eb158928) 
thrown [s\src\hotspot\share\interpreter\linkResolver.cpp, line 826]
Event: 9.185 Thread 0x000001b1217a23a0 Exception <a 'java/lang/NoSuchMethodError'{0x00000000eb16a8a8}: 'java.lang.Object java.lang.invoke.DirectMethodHandle$Holder.invokeSpecial(java.lang.Object, java.lang.Object, java.lang.Object, int, java.lang.Object, java.lang.Object)'> (0x00000000eb16a8a8) 
thrown [s\src\hotspot\share\interpreter\linkResolver.cpp, line 759]
Event: 9.186 Thread 0x000001b1217a23a0 Exception <a 'java/lang/NoSuchMethodError'{0x00000000eb173030}: 'java.lang.Object java.lang.invoke.DirectMethodHandle$Holder.newInvokeSpecial(java.lang.Object, java.lang.Object, java.lang.Object, int, java.lang.Object)'> (0x00000000eb173030) 
thrown [s\src\hotspot\share\interpreter\linkResolver.cpp, line 759]
Event: 9.186 Thread 0x000001b1217a23a0 Exception <a 'java/lang/NoSuchMethodError'{0x00000000eb177488}: 'java.lang.Object java.lang.invoke.DirectMethodHandle$Holder.invokeSpecial(java.lang.Object, java.lang.Object, java.lang.Object, java.lang.Object, int, java.lang.Object)'> (0x00000000eb177488) 
thrown [s\src\hotspot\share\interpreter\linkResolver.cpp, line 759]
Event: 9.188 Thread 0x000001b124a12870 Exception <a 'java/lang/NoSuchMethodError'{0x00000000eb0e4240}: 'java.lang.Object java.lang.invoke.DirectMethodHandle$Holder.invokeSpecial(java.lang.Object, java.lang.Object, int, java.lang.Object, java.lang.Object)'> (0x00000000eb0e4240) 
thrown [s\src\hotspot\share\interpreter\linkResolver.cpp, line 759]
Event: 9.190 Thread 0x000001b124a12870 Exception <a 'java/lang/NoSuchMethodError'{0x00000000eb0eb910}: 'java.lang.Object java.lang.invoke.DirectMethodHandle$Holder.newInvokeSpecial(java.lang.Object, java.lang.Object, int, java.lang.Object)'> (0x00000000eb0eb910) 
thrown [s\src\hotspot\share\interpreter\linkResolver.cpp, line 759]
Event: 9.190 Thread 0x000001b124a12870 Exception <a 'java/lang/NoSuchMethodError'{0x00000000eb0ef420}: 'java.lang.Object java.lang.invoke.DirectMethodHandle$Holder.invokeSpecial(java.lang.Object, java.lang.Object, java.lang.Object, int, java.lang.Object)'> (0x00000000eb0ef420) 
thrown [s\src\hotspot\share\interpreter\linkResolver.cpp, line 759]
Event: 11.863 Thread 0x000001b1217a23a0 Exception <a 'java/io/FileNotFoundException'{0x00000000ebb46080}> (0x00000000ebb46080) 
thrown [s\src\hotspot\share\prims\jni.cpp, line 516]
Event: 12.026 Thread 0x000001b1217a23a0 Exception <a 'java/lang/NoSuchMethodError'{0x00000000ec1714b0}: 'void java.lang.invoke.DirectMethodHandle$Holder.invokeSpecial(java.lang.Object, java.lang.Object, java.lang.Object, int)'> (0x00000000ec1714b0) 
thrown [s\src\hotspot\share\interpreter\linkResolver.cpp, line 759]
Event: 12.091 Thread 0x000001b124a12870 Exception <a 'java/io/FileNotFoundException'{0x00000000eac0cd28}> (0x00000000eac0cd28) 
thrown [s\src\hotspot\share\prims\jni.cpp, line 516]
Event: 12.690 Thread 0x000001b1217a23a0 Exception <a 'java/lang/ClassNotFoundException'{0x00000000eab266a8}: com/sun/org/apache/xerces/internal/impl/msg/spi/DOMMessagesProvider> (0x00000000eab266a8) 
thrown [s\src\hotspot\share\classfile\systemDictionary.cpp, line 256]
Event: 12.692 Thread 0x000001b1217a23a0 Exception <a 'java/lang/ClassNotFoundException'{0x00000000eab42348}: com/sun/org/apache/xerces/internal/impl/msg/spi/XMLSerializerMessagesProvider> (0x00000000eab42348) 
thrown [s\src\hotspot\share\classfile\systemDictionary.cpp, line 256]
Event: 12.693 Thread 0x000001b1217a23a0 Exception <a 'java/lang/ClassNotFoundException'{0x00000000eab4f5d0}: com/sun/org/apache/xerces/internal/impl/msg/spi/XMLMessagesProvider> (0x00000000eab4f5d0) 
thrown [s\src\hotspot\share\classfile\systemDictionary.cpp, line 256]
Event: 12.759 Thread 0x000001b1217a23a0 Exception <a 'java/lang/NoSuchMethodError'{0x00000000ead08b38}: 'void java.lang.invoke.DirectMethodHandle$Holder.invokeVirtual(java.lang.Object, java.lang.Object)'> (0x00000000ead08b38) 
thrown [s\src\hotspot\share\interpreter\linkResolver.cpp, line 759]
Event: 12.762 Thread 0x000001b1217a23a0 Exception <a 'sun/nio/fs/WindowsException'{0x00000000ead403a0}> (0x00000000ead403a0) 
thrown [s\src\hotspot\share\prims\jni.cpp, line 516]
Event: 12.807 Thread 0x000001b1217a23a0 Exception <a 'java/lang/NoSuchMethodError'{0x00000000eaf25aa0}: 'java.lang.Object java.lang.invoke.DirectMethodHandle$Holder.invokeStaticInit(java.lang.Object, int, int, int, int)'> (0x00000000eaf25aa0) 
thrown [s\src\hotspot\share\interpreter\linkResolver.cpp, line 759]

VM Operations (20 events):
Event: 8.800 Executing VM operation: HandshakeAllThreads
Event: 8.800 Executing VM operation: HandshakeAllThreads done
Event: 8.899 Executing VM operation: CollectForMetadataAllocation
Event: 8.927 Executing VM operation: CollectForMetadataAllocation done
Event: 9.219 Executing VM operation: HandshakeAllThreads
Event: 9.219 Executing VM operation: HandshakeAllThreads done
Event: 10.219 Executing VM operation: Cleanup
Event: 10.219 Executing VM operation: Cleanup done
Event: 12.073 Executing VM operation: ParallelGCFailedAllocation
Event: 12.075 Executing VM operation: ParallelGCFailedAllocation done
Event: 12.186 Executing VM operation: HandshakeAllThreads
Event: 12.186 Executing VM operation: HandshakeAllThreads done
Event: 12.392 Executing VM operation: ParallelGCFailedAllocation
Event: 12.393 Executing VM operation: ParallelGCFailedAllocation done
Event: 12.676 Executing VM operation: HandshakeAllThreads
Event: 12.676 Executing VM operation: HandshakeAllThreads done
Event: 12.685 Executing VM operation: ParallelGCFailedAllocation
Event: 12.686 Executing VM operation: ParallelGCFailedAllocation done
Event: 12.786 Executing VM operation: HandshakeAllThreads
Event: 12.786 Executing VM operation: HandshakeAllThreads done

Events (20 events):
Event: 12.821 loading class java/net/InetAddressImplFactory done
Event: 12.821 loading class java/net/Inet6AddressImpl
Event: 12.821 loading class java/net/InetAddressImpl
Event: 12.822 loading class java/net/InetAddressImpl done
Event: 12.822 loading class java/net/Inet6AddressImpl done
Event: 12.822 loading class java/net/InetAddress$PlatformNameService
Event: 12.822 loading class java/net/InetAddress$NameService
Event: 12.823 loading class java/net/InetAddress$NameService done
Event: 12.823 loading class java/net/InetAddress$PlatformNameService done
Event: 12.823 loading class java/net/Inet4Address
Event: 12.823 loading class java/net/Inet4Address done
Event: 12.823 loading class java/net/Inet6Address
Event: 12.823 loading class java/net/Inet6Address done
Event: 12.823 loading class java/net/Inet6Address$Inet6AddressHolder
Event: 12.824 loading class java/net/Inet6Address$Inet6AddressHolder done
Event: 12.824 loading class java/net/DefaultInterface
Event: 12.824 loading class java/net/DefaultInterface done
Event: 12.869 loading class java/net/NetworkInterface$1
Event: 12.869 loading class java/net/NetworkInterface$1 done
Event: 12.966 Thread 0x000001b121b0b260 Thread exited: 0x000001b121b0b260


Dynamic libraries:
0x00007ff7763f0000 - 0x00007ff7763fe000 	c:\Users\Farhan\.vscode\extensions\redhat.java-1.15.0-win32-x64\jre\17.0.6-win32-x86_64\bin\java.exe
0x00007ffcf8490000 - 0x00007ffcf86a4000 	C:\WINDOWS\SYSTEM32\ntdll.dll
0x00007ffcf68c0000 - 0x00007ffcf6983000 	C:\WINDOWS\System32\KERNEL32.DLL
0x00007ffcf5b80000 - 0x00007ffcf5f1c000 	C:\WINDOWS\System32\KERNELBASE.dll
0x00007ffcf6100000 - 0x00007ffcf6211000 	C:\WINDOWS\System32\ucrtbase.dll
0x00007ffcf09e0000 - 0x00007ffcf09f7000 	c:\Users\Farhan\.vscode\extensions\redhat.java-1.15.0-win32-x64\jre\17.0.6-win32-x86_64\bin\jli.dll
0x00007ffcf6710000 - 0x00007ffcf68bd000 	C:\WINDOWS\System32\USER32.dll
0x00007ffcf5a40000 - 0x00007ffcf5a66000 	C:\WINDOWS\System32\win32u.dll
0x00007ffcf7260000 - 0x00007ffcf7289000 	C:\WINDOWS\System32\GDI32.dll
0x00007ffcf5fe0000 - 0x00007ffcf60f2000 	C:\WINDOWS\System32\gdi32full.dll
0x00007ffcf5ae0000 - 0x00007ffcf5b7a000 	C:\WINDOWS\System32\msvcp_win.dll
0x00007ffcf0a00000 - 0x00007ffcf0a19000 	c:\Users\Farhan\.vscode\extensions\redhat.java-1.15.0-win32-x64\jre\17.0.6-win32-x86_64\bin\VCRUNTIME140.dll
0x00007ffce68b0000 - 0x00007ffce6b3e000 	C:\WINDOWS\WinSxS\amd64_microsoft.windows.common-controls_6595b64144ccf1df_6.0.22621.608_none_a9444ca7c10bb01d\COMCTL32.dll
0x00007ffcf8210000 - 0x00007ffcf82b7000 	C:\WINDOWS\System32\msvcrt.dll
0x00007ffcf7710000 - 0x00007ffcf7742000 	C:\WINDOWS\System32\IMM32.DLL
0x00007ffceb1f0000 - 0x00007ffceb1fc000 	c:\Users\Farhan\.vscode\extensions\redhat.java-1.15.0-win32-x64\jre\17.0.6-win32-x86_64\bin\vcruntime140_1.dll
0x00007ffcb7fc0000 - 0x00007ffcb8051000 	c:\Users\Farhan\.vscode\extensions\redhat.java-1.15.0-win32-x64\jre\17.0.6-win32-x86_64\bin\msvcp140.dll
0x00007ffc80260000 - 0x00007ffc80ea7000 	c:\Users\Farhan\.vscode\extensions\redhat.java-1.15.0-win32-x64\jre\17.0.6-win32-x86_64\bin\server\jvm.dll
0x00007ffcf7750000 - 0x00007ffcf77fe000 	C:\WINDOWS\System32\ADVAPI32.dll
0x00007ffcf6640000 - 0x00007ffcf66e4000 	C:\WINDOWS\System32\sechost.dll
0x00007ffcf7140000 - 0x00007ffcf7255000 	C:\WINDOWS\System32\RPCRT4.dll
0x00007ffcd2d50000 - 0x00007ffcd2d59000 	C:\WINDOWS\SYSTEM32\WSOCK32.dll
0x00007ffcf6b40000 - 0x00007ffcf6bb1000 	C:\WINDOWS\System32\WS2_32.dll
0x00007ffcef8d0000 - 0x00007ffcef904000 	C:\WINDOWS\SYSTEM32\WINMM.dll
0x00007ffcedd50000 - 0x00007ffcedd5a000 	C:\WINDOWS\SYSTEM32\VERSION.dll
0x00007ffcf49d0000 - 0x00007ffcf49e8000 	C:\WINDOWS\SYSTEM32\kernel.appcore.dll
0x00007ffce8e40000 - 0x00007ffce8e4a000 	c:\Users\Farhan\.vscode\extensions\redhat.java-1.15.0-win32-x64\jre\17.0.6-win32-x86_64\bin\jimage.dll
0x00007ffcef5e0000 - 0x00007ffcef80e000 	C:\WINDOWS\SYSTEM32\DBGHELP.DLL
0x00007ffcf62b0000 - 0x00007ffcf663a000 	C:\WINDOWS\System32\combase.dll
0x00007ffcf82c0000 - 0x00007ffcf8397000 	C:\WINDOWS\System32\OLEAUT32.dll
0x00007ffcdf1d0000 - 0x00007ffcdf202000 	C:\WINDOWS\SYSTEM32\dbgcore.DLL
0x00007ffcf6220000 - 0x00007ffcf629b000 	C:\WINDOWS\System32\bcryptPrimitives.dll
0x00007ffce8e20000 - 0x00007ffce8e2e000 	c:\Users\Farhan\.vscode\extensions\redhat.java-1.15.0-win32-x64\jre\17.0.6-win32-x86_64\bin\instrument.dll
0x00007ffcca970000 - 0x00007ffcca995000 	c:\Users\Farhan\.vscode\extensions\redhat.java-1.15.0-win32-x64\jre\17.0.6-win32-x86_64\bin\java.dll
0x00007ffce8e00000 - 0x00007ffce8e18000 	c:\Users\Farhan\.vscode\extensions\redhat.java-1.15.0-win32-x64\jre\17.0.6-win32-x86_64\bin\zip.dll
0x00007ffcf79c0000 - 0x00007ffcf81af000 	C:\WINDOWS\System32\SHELL32.dll
0x00007ffcf3890000 - 0x00007ffcf4158000 	C:\WINDOWS\SYSTEM32\windows.storage.dll
0x00007ffcf3750000 - 0x00007ffcf388e000 	C:\WINDOWS\SYSTEM32\wintypes.dll
0x00007ffcf6f30000 - 0x00007ffcf7021000 	C:\WINDOWS\System32\SHCORE.dll
0x00007ffcf83f0000 - 0x00007ffcf844e000 	C:\WINDOWS\System32\shlwapi.dll
0x00007ffcf5800000 - 0x00007ffcf5821000 	C:\WINDOWS\SYSTEM32\profapi.dll
0x00007ffcc35b0000 - 0x00007ffcc35c9000 	C:\Users\Farhan\.vscode\extensions\redhat.java-1.15.0-win32-x64\jre\17.0.6-win32-x86_64\bin\net.dll
0x00007ffcef4b0000 - 0x00007ffcef5df000 	C:\WINDOWS\SYSTEM32\WINHTTP.dll
0x00007ffcf4e30000 - 0x00007ffcf4e99000 	C:\WINDOWS\system32\mswsock.dll
0x00007ffce6600000 - 0x00007ffce6615000 	C:\Users\Farhan\.vscode\extensions\redhat.java-1.15.0-win32-x64\jre\17.0.6-win32-x86_64\bin\nio.dll
0x00007ffce6540000 - 0x00007ffce6550000 	c:\Users\Farhan\.vscode\extensions\redhat.java-1.15.0-win32-x64\jre\17.0.6-win32-x86_64\bin\verify.dll
0x00007ffcb7390000 - 0x00007ffcb73ce000 	C:\Users\Farhan\AppData\Roaming\Code\User\globalStorage\redhat.java\1.15.0\config_win\org.eclipse.equinox.launcher\org.eclipse.equinox.launcher.win32.win32.x86_64_1.2.700.v20221108-1024\eclipse_11801.dll
0x00007ffcf6bd0000 - 0x00007ffcf6d6c000 	C:\WINDOWS\System32\ole32.dll
0x00007ffcf5150000 - 0x00007ffcf516b000 	C:\WINDOWS\SYSTEM32\CRYPTSP.dll
0x00007ffcf4940000 - 0x00007ffcf4975000 	C:\WINDOWS\system32\rsaenh.dll
0x00007ffcf4ed0000 - 0x00007ffcf4ef8000 	C:\WINDOWS\SYSTEM32\USERENV.dll
0x00007ffcf5270000 - 0x00007ffcf5298000 	C:\WINDOWS\SYSTEM32\bcrypt.dll
0x00007ffcf5130000 - 0x00007ffcf513c000 	C:\WINDOWS\SYSTEM32\CRYPTBASE.dll
0x00007ffcf4440000 - 0x00007ffcf446d000 	C:\WINDOWS\SYSTEM32\IPHLPAPI.DLL
0x00007ffcf7030000 - 0x00007ffcf7039000 	C:\WINDOWS\System32\NSI.dll
0x00007ffcef110000 - 0x00007ffcef129000 	C:\WINDOWS\SYSTEM32\dhcpcsvc6.DLL
0x00007ffcef0f0000 - 0x00007ffcef10f000 	C:\WINDOWS\SYSTEM32\dhcpcsvc.DLL
0x00007ffcf44b0000 - 0x00007ffcf45a3000 	C:\WINDOWS\SYSTEM32\DNSAPI.dll

dbghelp: loaded successfully - version: 4.0.5 - missing functions: none
symbol engine: initialized successfully - sym options: 0x614 - pdb path: .;c:\Users\Farhan\.vscode\extensions\redhat.java-1.15.0-win32-x64\jre\17.0.6-win32-x86_64\bin;C:\WINDOWS\SYSTEM32;C:\WINDOWS\WinSxS\amd64_microsoft.windows.common-controls_6595b64144ccf1df_6.0.22621.608_none_a9444ca7c10bb01d;c:\Users\Farhan\.vscode\extensions\redhat.java-1.15.0-win32-x64\jre\17.0.6-win32-x86_64\bin\server;C:\Users\Farhan\AppData\Roaming\Code\User\globalStorage\redhat.java\1.15.0\config_win\org.eclipse.equinox.launcher\org.eclipse.equinox.launcher.win32.win32.x86_64_1.2.700.v20221108-1024

VM Arguments:
jvm_args: --add-modules=ALL-SYSTEM --add-opens=java.base/java.util=ALL-UNNAMED --add-opens=java.base/java.lang=ALL-UNNAMED --add-opens=java.base/sun.nio.fs=ALL-UNNAMED -Declipse.application=org.eclipse.jdt.ls.core.id1 -Dosgi.bundles.defaultStartLevel=4 -Declipse.product=org.eclipse.jdt.ls.core.product -Djava.import.generatesMetadataFilesAtProjectRoot=false -Dfile.encoding=utf8 -XX:+UseParallelGC -XX:GCTimeRatio=4 -XX:AdaptiveSizePolicyWeight=90 -Dsun.zip.disableMemoryMapping=true -Xmx1G -Xms100m -Xlog:disable -javaagent:c:\Users\Farhan\.vscode\extensions\redhat.java-1.15.0-win32-x64\lombok\lombok-1.18.24.jar -XX:+HeapDumpOnOutOfMemoryError -XX:HeapDumpPath=c:\Users\Farhan\AppData\Roaming\Code\User\workspaceStorage\8f7c26508dbb529dfc39503597735847\redhat.java 
java_command: c:\Users\Farhan\.vscode\extensions\redhat.java-1.15.0-win32-x64\server\plugins\org.eclipse.equinox.launcher_1.6.400.v20210924-0641.jar -configuration c:\Users\Farhan\AppData\Roaming\Code\User\globalStorage\redhat.java\1.15.0\config_win -data c:\Users\Farhan\AppData\Roaming\Code\User\workspaceStorage\8f7c26508dbb529dfc39503597735847\redhat.java\jdt_ws
java_class_path (initial): c:\Users\Farhan\.vscode\extensions\redhat.java-1.15.0-win32-x64\server\plugins\org.eclipse.equinox.launcher_1.6.400.v20210924-0641.jar
Launcher Type: SUN_STANDARD

[Global flags]
    uintx AdaptiveSizePolicyWeight                 = 90                                        {product} {command line}
     intx CICompilerCount                          = 4                                         {product} {ergonomic}
    uintx GCTimeRatio                              = 4                                         {product} {command line}
     bool HeapDumpOnOutOfMemoryError               = true                                   {manageable} {command line}
    ccstr HeapDumpPath                             = c:\Users\Farhan\AppData\Roaming\Code\User\workspaceStorage\8f7c26508dbb529dfc39503597735847\redhat.java         {manageable} {command line}
   size_t InitialHeapSize                          = 104857600                                 {product} {command line}
   size_t MaxHeapSize                              = 1073741824                                {product} {command line}
   size_t MaxNewSize                               = 357564416                                 {product} {ergonomic}
   size_t MinHeapDeltaBytes                        = 524288                                    {product} {ergonomic}
   size_t MinHeapSize                              = 104857600                                 {product} {command line}
   size_t NewSize                                  = 34603008                                  {product} {ergonomic}
    uintx NonNMethodCodeHeapSize                   = 5839372                                {pd product} {ergonomic}
    uintx NonProfiledCodeHeapSize                  = 122909434                              {pd product} {ergonomic}
   size_t OldSize                                  = 70254592                                  {product} {ergonomic}
    uintx ProfiledCodeHeapSize                     = 122909434                              {pd product} {ergonomic}
    uintx ReservedCodeCacheSize                    = 251658240                              {pd product} {ergonomic}
     bool SegmentedCodeCache                       = true                                      {product} {ergonomic}
   size_t SoftMaxHeapSize                          = 1073741824                             {manageable} {ergonomic}
     bool UseCompressedClassPointers               = true                           {product lp64_product} {ergonomic}
     bool UseCompressedOops                        = true                           {product lp64_product} {ergonomic}
     bool UseLargePagesIndividualAllocation        = false                                  {pd product} {ergonomic}
     bool UseParallelGC                            = true                                      {product} {command line}

Logging:
Log output configuration:
 #0: stdout all=off uptime,level,tags
 #1: stderr all=off uptime,level,tags

Environment Variables:
PATH=C:\Program Files\ImageMagick-7.1.0-Q16-HDRI;C:\Program Files (x86)\Common Files\Oracle\Java\javapath;C:\WINDOWS\system32;C:\WINDOWS;C:\WINDOWS\System32\Wbem;C:\WINDOWS\System32\WindowsPowerShell\v1.0\;C:\WINDOWS\System32\OpenSSH\;C:\Program Files (x86)\NVIDIA Corporation\PhysX\Common;C:\Program Files\NVIDIA Corporation\NVIDIA NvDLISR;C:\Program Files\Java\jdk1.8.0_281\bin;C:\Program Files\nodejs\;C:\Program Files\Git\cmd;D:\Projects\Scalper;C:\Program Files\Git LFS;C:\Program Files\dotnet\;C:\Program Files (x86)\Microsoft Visual Studio\2019\Community\MSBuild\Current\Bin\MSBuild.exe;C:\Program Files\Amazon\AWSCLIV2\;C:\Program Files\Docker\Docker\resources\bin;C:\ProgramData\DockerDesktop\version-bin;%SystemRoot%\system32;%SystemRoot%;%SystemRoot%\System32\Wbem;%SYSTEMROOT%\System32\WindowsPowerShell\v1.0\;%SYSTEMROOT%\System32\OpenSSH\;C:\Users\Farhan\.windows-build-tools\python27\;C:\Users\Farhan\AppData\Local\Microsoft\WindowsApps;C:\Users\Farhan\AppData\Local\atom\bin;C:\Users\Farhan\AppData\Roaming\npm;C:\Users\Farhan\AppData\Local\Microsoft\WindowsApps;C:\Users\Farhan\AppData\Local\Programs\Microsoft VS Code\bin;C:\Users\Farhan\AppData\Local\GitHubDesktop\bin;C:\Users\Farhan\.dotnet\tools;C:\Program Files (x86)\GitHub CLI\;
USERNAME=Farhan
OS=Windows_NT
PROCESSOR_IDENTIFIER=Intel64 Family 6 Model 60 Stepping 3, GenuineIntel
TMP=C:\Users\Farhan\AppData\Local\Temp
TEMP=C:\Users\Farhan\AppData\Local\Temp



---------------  S Y S T E M  ---------------

OS:
 Windows 11 , 64 bit Build 22621 (10.0.22621.1194)
OS uptime: 2 days 8:00 hours
Hyper-V role detected

CPU: total 8 (initial active 8) (4 cores per cpu, 2 threads per core) family 6 model 60 stepping 3 microcode 0x28, cx8, cmov, fxsr, ht, mmx, sse, sse2, sse3, ssse3, sse4.1, sse4.2, popcnt, lzcnt, tsc, tscinvbit, avx, avx2, aes, erms, clmul, bmi1, bmi2, fma, vzeroupper, clflush, hv

Memory: 4k page, system-wide physical 16326M (3082M free)
TotalPageFile size 20422M (AvailPageFile size 7M)
current process WorkingSet (physical memory assigned to process): 163M, peak: 166M
current process commit charge ("private bytes"): 267M, peak: 270M

vm_info: OpenJDK 64-Bit Server VM (17.0.6+10) for windows-amd64 JRE (17.0.6+10), built on Jan 18 2023 10:08:59 by "temurin" with MS VC++ 16.7 (VS2019)

END.
