#
# There is insufficient memory for the Java Runtime Environment to continue.
# Native memory allocation (mmap) failed to map 65536 bytes for Failed to commit metaspace.
# Possible reasons:
#   The system is out of physical RAM or swap space
#   The process is running with CompressedOops enabled, and the Java Heap may be blocking the growth of the native heap
# Possible solutions:
#   Reduce memory load on the system
#   Increase physical memory or swap space
#   Check if swap backing store is full
#   Decrease Java heap size (-Xmx/-Xms)
#   Decrease number of Java threads
#   Decrease Java thread stack sizes (-Xss)
#   Set larger code cache with -XX:ReservedCodeCacheSize=
#   JVM is running with Unscaled Compressed Oops mode in which the Java heap is
#     placed in the first 4GB address space. The Java Heap base address is the
#     maximum limit for the native heap growth. Please use -XX:HeapBaseMinAddress
#     to set the Java Heap base and to place the Java Heap above 4GB virtual address.
# This output file may be truncated or incomplete.
#
#  Out of Memory Error (virtualSpaceNode.cpp:110), pid=174552, tid=190524
#
# JRE version: OpenJDK Runtime Environment Temurin-17.0.6+10 (17.0.6+10) (build 17.0.6+10)
# Java VM: OpenJDK 64-Bit Server VM Temurin-17.0.6+10 (17.0.6+10, mixed mode, tiered, compressed oops, compressed class ptrs, parallel gc, windows-amd64)
# No core dump will be written. Minidumps are not enabled by default on client versions of Windows
#

---------------  S U M M A R Y ------------

Command Line: --add-modules=ALL-SYSTEM --add-opens=java.base/java.util=ALL-UNNAMED --add-opens=java.base/java.lang=ALL-UNNAMED --add-opens=java.base/sun.nio.fs=ALL-UNNAMED -Declipse.application=org.eclipse.jdt.ls.core.id1 -Dosgi.bundles.defaultStartLevel=4 -Declipse.product=org.eclipse.jdt.ls.core.product -Djava.import.generatesMetadataFilesAtProjectRoot=false -Dfile.encoding=utf8 -XX:+UseParallelGC -XX:GCTimeRatio=4 -XX:AdaptiveSizePolicyWeight=90 -Dsun.zip.disableMemoryMapping=true -Xmx1G -Xms100m -Xlog:disable -javaagent:c:\Users\Farhan\.vscode\extensions\redhat.java-1.16.0-win32-x64\lombok\lombok-1.18.24.jar -XX:+HeapDumpOnOutOfMemoryError -XX:HeapDumpPath=c:\Users\Farhan\AppData\Roaming\Code\User\workspaceStorage\8f7c26508dbb529dfc39503597735847\redhat.java c:\Users\Farhan\.vscode\extensions\redhat.java-1.16.0-win32-x64\server\plugins\org.eclipse.equinox.launcher_1.6.400.v20210924-0641.jar -configuration c:\Users\Farhan\AppData\Roaming\Code\User\globalStorage\redhat.java\1.16.0\config_win -data c:\Users\Farhan\AppData\Roaming\Code\User\workspaceStorage\8f7c26508dbb529dfc39503597735847\redhat.java\jdt_ws

Host: Intel(R) Core(TM) i7-4790K CPU @ 4.00GHz, 8 cores, 15G,  Windows 11 , 64 bit Build 22621 (10.0.22621.1344)
Time: Sun Mar 19 11:42:35 2023 Eastern Daylight Time elapsed time: 0.286623 seconds (0d 0h 0m 0s)

---------------  T H R E A D  ---------------

Current thread (0x000002d5d7b2fb80):  JavaThread "main" [_thread_in_vm, id=190524, stack(0x000000eef5500000,0x000000eef5600000)]

Stack: [0x000000eef5500000,0x000000eef5600000]
Native frames: (J=compiled Java code, j=interpreted, Vv=VM code, C=native code)
V  [jvm.dll+0x67741a]
V  [jvm.dll+0x834434]
V  [jvm.dll+0x835bde]
V  [jvm.dll+0x836243]
V  [jvm.dll+0x2457b5]
V  [jvm.dll+0x8304cb]
V  [jvm.dll+0x61bca6]
V  [jvm.dll+0x1c05fe]
V  [jvm.dll+0x61e5f1]
V  [jvm.dll+0x61c646]
V  [jvm.dll+0x23b2a0]
V  [jvm.dll+0x1eae0d]
V  [jvm.dll+0x1e0841]
V  [jvm.dll+0x53c6d0]
V  [jvm.dll+0x7af5e8]
V  [jvm.dll+0x7af6d4]
V  [jvm.dll+0x40bc05]
V  [jvm.dll+0x411d58]
C  [java.dll+0x17ec]

Java frames: (J=compiled Java code, j=interpreted, Vv=VM code)
j  java.lang.ClassLoader.defineClass1(Ljava/lang/ClassLoader;Ljava/lang/String;[BIILjava/security/ProtectionDomain;Ljava/lang/String;)Ljava/lang/Class;+0 java.base@17.0.6
j  java.lang.ClassLoader.defineClass(Ljava/lang/String;[BIILjava/security/ProtectionDomain;)Ljava/lang/Class;+27 java.base@17.0.6
j  java.lang.ClassLoader.defineClass(Ljava/lang/String;[BII)Ljava/lang/Class;+7 java.base@17.0.6
j  lombok.launch.ShadowClassLoader.urlToDefineClass(Ljava/lang/String;Ljava/net/URL;Z)Ljava/lang/Class;+138
j  lombok.launch.ShadowClassLoader.loadClass(Ljava/lang/String;Z)Ljava/lang/Class;+238
j  java.lang.ClassLoader.loadClass(Ljava/lang/String;)Ljava/lang/Class;+3 java.base@17.0.6
v  ~StubRoutines::call_stub
j  lombok.eclipse.agent.EclipseLoaderPatcher.patchEquinoxLoaders(Llombok/patcher/ScriptManager;Ljava/lang/Class;)V+1
j  lombok.eclipse.agent.EclipsePatcher.registerPatchScripts(Ljava/lang/instrument/Instrumentation;ZLjava/lang/Class;)V+44
j  lombok.eclipse.agent.EclipsePatcher.runAgent(Ljava/lang/String;Ljava/lang/instrument/Instrumentation;ZLjava/lang/Class;)V+4
j  lombok.core.AgentLauncher.runAgents(Ljava/lang/String;Ljava/lang/instrument/Instrumentation;ZLjava/lang/Class;)V+62
v  ~StubRoutines::call_stub
j  jdk.internal.reflect.NativeMethodAccessorImpl.invoke0(Ljava/lang/reflect/Method;Ljava/lang/Object;[Ljava/lang/Object;)Ljava/lang/Object;+0 java.base@17.0.6
j  jdk.internal.reflect.NativeMethodAccessorImpl.invoke(Ljava/lang/Object;[Ljava/lang/Object;)Ljava/lang/Object;+133 java.base@17.0.6
j  jdk.internal.reflect.DelegatingMethodAccessorImpl.invoke(Ljava/lang/Object;[Ljava/lang/Object;)Ljava/lang/Object;+6 java.base@17.0.6
j  java.lang.reflect.Method.invoke(Ljava/lang/Object;[Ljava/lang/Object;)Ljava/lang/Object;+59 java.base@17.0.6
j  lombok.launch.Agent.runLauncher(Ljava/lang/String;Ljava/lang/instrument/Instrumentation;Z)V+73
j  lombok.launch.Agent.premain(Ljava/lang/String;Ljava/lang/instrument/Instrumentation;)V+3
v  ~StubRoutines::call_stub
j  jdk.internal.reflect.NativeMethodAccessorImpl.invoke0(Ljava/lang/reflect/Method;Ljava/lang/Object;[Ljava/lang/Object;)Ljava/lang/Object;+0 java.base@17.0.6
j  jdk.internal.reflect.NativeMethodAccessorImpl.invoke(Ljava/lang/Object;[Ljava/lang/Object;)Ljava/lang/Object;+133 java.base@17.0.6
j  jdk.internal.reflect.DelegatingMethodAccessorImpl.invoke(Ljava/lang/Object;[Ljava/lang/Object;)Ljava/lang/Object;+6 java.base@17.0.6
j  java.lang.reflect.Method.invoke(Ljava/lang/Object;[Ljava/lang/Object;)Ljava/lang/Object;+59 java.base@17.0.6
j  sun.instrument.InstrumentationImpl.loadClassAndStartAgent(Ljava/lang/String;Ljava/lang/String;Ljava/lang/String;)V+166 java.instrument@17.0.6
j  sun.instrument.InstrumentationImpl.loadClassAndCallPremain(Ljava/lang/String;Ljava/lang/String;)V+6 java.instrument@17.0.6
v  ~StubRoutines::call_stub

---------------  P R O C E S S  ---------------

Threads class SMR info:
_java_thread_list=0x000002d5ed5e1910, length=12, elements={
0x000002d5d7b2fb80, 0x000002d5eb9a9560, 0x000002d5d7be4bd0, 0x000002d5ed44c480,
0x000002d5ed46a830, 0x000002d5ed46d410, 0x000002d5ed46e560, 0x000002d5ed473730,
0x000002d5ed475150, 0x000002d5ed481880, 0x000002d5ed5c6650, 0x000002d5ed5ad710
}

Java Threads: ( => current thread )
=>0x000002d5d7b2fb80 JavaThread "main" [_thread_in_vm, id=190524, stack(0x000000eef5500000,0x000000eef5600000)]
  0x000002d5eb9a9560 JavaThread "Reference Handler" daemon [_thread_blocked, id=149524, stack(0x000000eef5800000,0x000000eef5900000)]
  0x000002d5d7be4bd0 JavaThread "Finalizer" daemon [_thread_blocked, id=185456, stack(0x000000eef5900000,0x000000eef5a00000)]
  0x000002d5ed44c480 JavaThread "Signal Dispatcher" daemon [_thread_blocked, id=86356, stack(0x000000eef5a00000,0x000000eef5b00000)]
  0x000002d5ed46a830 JavaThread "Attach Listener" daemon [_thread_blocked, id=94012, stack(0x000000eef5b00000,0x000000eef5c00000)]
  0x000002d5ed46d410 JavaThread "Service Thread" daemon [_thread_blocked, id=177972, stack(0x000000eef5c00000,0x000000eef5d00000)]
  0x000002d5ed46e560 JavaThread "Monitor Deflation Thread" daemon [_thread_blocked, id=280, stack(0x000000eef5d00000,0x000000eef5e00000)]
  0x000002d5ed473730 JavaThread "C2 CompilerThread0" daemon [_thread_blocked, id=8944, stack(0x000000eef5e00000,0x000000eef5f00000)]
  0x000002d5ed475150 JavaThread "C1 CompilerThread0" daemon [_thread_blocked, id=12492, stack(0x000000eef5f00000,0x000000eef6000000)]
  0x000002d5ed481880 JavaThread "Sweeper thread" daemon [_thread_blocked, id=190284, stack(0x000000eef6000000,0x000000eef6100000)]
  0x000002d5ed5c6650 JavaThread "Common-Cleaner" daemon [_thread_blocked, id=150916, stack(0x000000eef6100000,0x000000eef6200000)]
  0x000002d5ed5ad710 JavaThread "C2 CompilerThread1" daemon [_thread_blocked, id=183868, stack(0x000000eef6200000,0x000000eef6300000)]

Other Threads:
  0x000002d5ed421c30 VMThread "VM Thread" [stack: 0x000000eef5700000,0x000000eef5800000] [id=187712]
  0x000002d5d7b44ad0 GCTaskThread "GC Thread#0" [stack: 0x000000eef5600000,0x000000eef5700000] [id=172864]

Threads with active compile tasks:

VM state: not at safepoint (normal execution)

VM Mutex/Monitor currently owned by a thread:  ([mutex/lock_event])
[0x000002d5d7b2ac00] Metaspace_lock - owner thread: 0x000002d5d7b2fb80

Heap address: 0x00000000c0000000, size: 1024 MB, Compressed Oops mode: 32-bit

CDS archive(s) not mapped
Compressed class space mapped at: 0x0000000100000000-0x0000000140000000, reserved size: 1073741824
Narrow klass base: 0x0000000000000000, Narrow klass shift: 3, Narrow klass range: 0x140000000

GC Precious Log:
 CPUs: 8 total, 8 available
 Memory: 16326M
 Large Page Support: Disabled
 NUMA Support: Disabled
 Compressed Oops: Enabled (32-bit)
 Alignments: Space 512K, Generation 512K, Heap 2M
 Heap Min Capacity: 100M
 Heap Initial Capacity: 100M
 Heap Max Capacity: 1G
 Pre-touch: Disabled
 Parallel Workers: 8

Heap:
 PSYoungGen      total 29696K, used 5005K [0x00000000eab00000, 0x00000000ecc00000, 0x0000000100000000)
  eden space 25600K, 19% used [0x00000000eab00000,0x00000000eafe34e0,0x00000000ec400000)
  from space 4096K, 0% used [0x00000000ec800000,0x00000000ec800000,0x00000000ecc00000)
  to   space 4096K, 0% used [0x00000000ec400000,0x00000000ec400000,0x00000000ec800000)
 ParOldGen       total 68608K, used 0K [0x00000000c0000000, 0x00000000c4300000, 0x00000000eab00000)
  object space 68608K, 0% used [0x00000000c0000000,0x00000000c0000000,0x00000000c4300000)
 Metaspace       used 5972K, committed 6080K, reserved 1056768K
  class space    used 579K, committed 640K, reserved 1048576K

Card table byte_map: [0x000002d5d74d0000,0x000002d5d76e0000] _byte_map_base: 0x000002d5d6ed0000

Marking Bits: (ParMarkBitMap*) 0x00007ffc21b63e70
 Begin Bits: [0x000002d5e97b0000, 0x000002d5ea7b0000)
 End Bits:   [0x000002d5ea7b0000, 0x000002d5eb7b0000)

Polling page: 0x000002d5d5a70000

Metaspace:

Usage:
  Non-class:      5.27 MB used.
      Class:    579.10 KB used.
       Both:      5.83 MB used.

Virtual space:
  Non-class space:        8.00 MB reserved,       5.31 MB ( 66%) committed,  1 nodes.
      Class space:        1.00 GB reserved,     640.00 KB ( <1%) committed,  1 nodes.
             Both:        1.01 GB reserved,       5.94 MB ( <1%) committed. 

Chunk freelists:
   Non-Class:  2.36 MB
       Class:  3.23 MB
        Both:  5.59 MB

MaxMetaspaceSize: unlimited
CompressedClassSpaceSize: 1.00 GB
Initial GC threshold: 21.00 MB
Current GC threshold: 21.00 MB
CDS: off
MetaspaceReclaimPolicy: balanced
 - commit_granule_bytes: 65536.
 - commit_granule_words: 8192.
 - virtual_space_node_default_size: 1048576.
 - enlarge_chunks_in_place: 1.
 - new_chunks_are_fully_committed: 0.
 - uncommit_free_chunks: 1.
 - use_allocation_guard: 0.
 - handle_deallocations: 1.


Internal statistics:

num_allocs_failed_limit: 0.
num_arena_births: 10.
num_arena_deaths: 0.
num_vsnodes_births: 2.
num_vsnodes_deaths: 0.
num_space_committed: 95.
num_space_uncommitted: 0.
num_chunks_returned_to_freelist: 0.
num_chunks_taken_from_freelist: 29.
num_chunk_merges: 0.
num_chunk_splits: 15.
num_chunks_enlarged: 12.
num_purges: 0.
num_inconsistent_stats: 0.

CodeHeap 'non-profiled nmethods': size=120000Kb used=91Kb max_used=91Kb free=119909Kb
 bounds [0x000002d5e2280000, 0x000002d5e24f0000, 0x000002d5e97b0000]
CodeHeap 'profiled nmethods': size=120000Kb used=358Kb max_used=358Kb free=119641Kb
 bounds [0x000002d5da7b0000, 0x000002d5daa20000, 0x000002d5e1ce0000]
CodeHeap 'non-nmethods': size=5760Kb used=1095Kb max_used=1109Kb free=4664Kb
 bounds [0x000002d5e1ce0000, 0x000002d5e1f50000, 0x000002d5e2280000]
 total_blobs=685 nmethods=313 adapters=287
 compilation: enabled
              stopped_count=0, restarted_count=0
 full_count=0

Compilation events (20 events):
Event: 0.242 Thread 0x000002d5ed475150 nmethod 302 0x000002d5da807090 code [0x000002d5da807220, 0x000002d5da807368]
Event: 0.245 Thread 0x000002d5ed473730 nmethod 303 0x000002d5e2294f10 code [0x000002d5e22950a0, 0x000002d5e2295468]
Event: 0.251 Thread 0x000002d5ed475150  304       3       java.util.HashSet::contains (9 bytes)
Event: 0.251 Thread 0x000002d5ed475150 nmethod 304 0x000002d5da807410 code [0x000002d5da8075c0, 0x000002d5da807848]
Event: 0.251 Thread 0x000002d5ed475150  305       1       java.net.URL::getRef (5 bytes)
Event: 0.251 Thread 0x000002d5ed475150 nmethod 305 0x000002d5e2295610 code [0x000002d5e22957a0, 0x000002d5e2295878]
Event: 0.253 Thread 0x000002d5ed475150  306       3       java.io.File::isInvalid (47 bytes)
Event: 0.253 Thread 0x000002d5ed475150 nmethod 306 0x000002d5da807990 code [0x000002d5da807b40, 0x000002d5da807dc8]
Event: 0.259 Thread 0x000002d5ed475150  308       3       java.lang.Character::toLowerCase (9 bytes)
Event: 0.259 Thread 0x000002d5ed475150 nmethod 308 0x000002d5da807e90 code [0x000002d5da808040, 0x000002d5da808238]
Event: 0.261 Thread 0x000002d5ed475150  309       1       jdk.internal.jimage.ImageHeader::getTableLength (5 bytes)
Event: 0.261 Thread 0x000002d5ed475150 nmethod 309 0x000002d5e2295d10 code [0x000002d5e2295ea0, 0x000002d5e2295f78]
Event: 0.275 Thread 0x000002d5ed475150  310       1       java.net.URL::getFile (5 bytes)
Event: 0.275 Thread 0x000002d5ed475150 nmethod 310 0x000002d5e2296010 code [0x000002d5e22961a0, 0x000002d5e2296278]
Event: 0.280 Thread 0x000002d5ed475150  311       3       java.lang.ClassLoader::checkName (37 bytes)
Event: 0.280 Thread 0x000002d5ed475150 nmethod 311 0x000002d5da808310 code [0x000002d5da808560, 0x000002d5da808f38]
Event: 0.283 Thread 0x000002d5ed475150  312       3       java.lang.Character::getType (9 bytes)
Event: 0.283 Thread 0x000002d5ed473730  314       4       java.lang.StringBuilder::append (8 bytes)
Event: 0.283 Thread 0x000002d5ed475150 nmethod 312 0x000002d5da809290 code [0x000002d5da809440, 0x000002d5da809638]
Event: 0.283 Thread 0x000002d5ed475150  313       3       java.lang.CharacterDataLatin1::getType (11 bytes)

GC Heap History (0 events):
No events

Dll operation events (8 events):
Event: 0.012 Loaded shared library c:\Users\Farhan\.vscode\extensions\redhat.java-1.16.0-win32-x64\jre\17.0.6-win32-x86_64\bin\java.dll
Event: 0.141 Loaded shared library c:\Users\Farhan\.vscode\extensions\redhat.java-1.16.0-win32-x64\jre\17.0.6-win32-x86_64\bin\zip.dll
Event: 0.144 Loaded shared library C:\Users\Farhan\.vscode\extensions\redhat.java-1.16.0-win32-x64\jre\17.0.6-win32-x86_64\bin\instrument.dll
Event: 0.155 Loaded shared library C:\Users\Farhan\.vscode\extensions\redhat.java-1.16.0-win32-x64\jre\17.0.6-win32-x86_64\bin\net.dll
Event: 0.157 Loaded shared library C:\Users\Farhan\.vscode\extensions\redhat.java-1.16.0-win32-x64\jre\17.0.6-win32-x86_64\bin\nio.dll
Event: 0.162 Loaded shared library C:\Users\Farhan\.vscode\extensions\redhat.java-1.16.0-win32-x64\jre\17.0.6-win32-x86_64\bin\zip.dll
Event: 0.177 Loaded shared library C:\Users\Farhan\.vscode\extensions\redhat.java-1.16.0-win32-x64\jre\17.0.6-win32-x86_64\bin\jimage.dll
Event: 0.228 Loaded shared library c:\Users\Farhan\.vscode\extensions\redhat.java-1.16.0-win32-x64\jre\17.0.6-win32-x86_64\bin\verify.dll

Deoptimization events (0 events):
No events

Classes unloaded (0 events):
No events

Classes redefined (0 events):
No events

Internal exceptions (2 events):
Event: 0.121 Thread 0x000002d5d7b2fb80 Exception <a 'java/lang/NoSuchMethodError'{0x00000000eacb25b0}: 'void java.lang.invoke.DirectMethodHandle$Holder.invokeStatic(java.lang.Object, java.lang.Object, java.lang.Object)'> (0x00000000eacb25b0) 
thrown [s\src\hotspot\share\interpreter\linkResolver.cpp, line 759]
Event: 0.257 Thread 0x000002d5d7b2fb80 Exception <a 'java/lang/reflect/InvocationTargetException'{0x00000000eaf792d0}> (0x00000000eaf792d0) 
thrown [s\src\hotspot\share\runtime\reflection.cpp, line 1121]

VM Operations (4 events):
Event: 0.125 Executing VM operation: HandshakeAllThreads
Event: 0.125 Executing VM operation: HandshakeAllThreads done
Event: 0.190 Executing VM operation: HandshakeAllThreads
Event: 0.191 Executing VM operation: HandshakeAllThreads done

Events (20 events):
Event: 0.193 loading class java/util/IdentityHashMap$IdentityHashMapIterator done
Event: 0.193 loading class java/util/IdentityHashMap$KeyIterator done
Event: 0.204 loading class java/util/Collections$UnmodifiableList
Event: 0.204 loading class java/util/Collections$UnmodifiableList done
Event: 0.204 loading class java/util/Collections$UnmodifiableRandomAccessList
Event: 0.204 loading class java/util/Collections$UnmodifiableRandomAccessList done
Event: 0.232 loading class java/lang/UnsupportedOperationException
Event: 0.232 loading class java/lang/UnsupportedOperationException done
Event: 0.234 loading class java/lang/IllegalAccessException
Event: 0.234 loading class java/lang/IllegalAccessException done
Event: 0.238 loading class java/lang/IllegalStateException
Event: 0.238 loading class java/lang/IllegalStateException done
Event: 0.242 loading class java/lang/instrument/ClassFileTransformer
Event: 0.242 loading class java/lang/instrument/ClassFileTransformer done
Event: 0.255 loading class java/lang/instrument/UnmodifiableClassException
Event: 0.255 loading class java/lang/instrument/UnmodifiableClassException done
Event: 0.255 loading class java/lang/instrument/ClassDefinition
Event: 0.255 loading class java/lang/instrument/ClassDefinition done
Event: 0.280 loading class java/net/URLClassLoader
Event: 0.280 loading class java/net/URLClassLoader done


Dynamic libraries:
0x00007ff65e590000 - 0x00007ff65e59e000 	c:\Users\Farhan\.vscode\extensions\redhat.java-1.16.0-win32-x64\jre\17.0.6-win32-x86_64\bin\java.exe
0x00007ffc8c6b0000 - 0x00007ffc8c8c4000 	C:\WINDOWS\SYSTEM32\ntdll.dll
0x00007ffc8b980000 - 0x00007ffc8ba43000 	C:\WINDOWS\System32\KERNEL32.DLL
0x00007ffc89cb0000 - 0x00007ffc8a04c000 	C:\WINDOWS\System32\KERNELBASE.dll
0x00007ffc89af0000 - 0x00007ffc89c01000 	C:\WINDOWS\System32\ucrtbase.dll
0x00007ffc868e0000 - 0x00007ffc868f7000 	c:\Users\Farhan\.vscode\extensions\redhat.java-1.16.0-win32-x64\jre\17.0.6-win32-x86_64\bin\jli.dll
0x00007ffc8b7c0000 - 0x00007ffc8b96d000 	C:\WINDOWS\System32\USER32.dll
0x00007ffc8a2f0000 - 0x00007ffc8a316000 	C:\WINDOWS\System32\win32u.dll
0x00007ffc76700000 - 0x00007ffc76719000 	c:\Users\Farhan\.vscode\extensions\redhat.java-1.16.0-win32-x64\jre\17.0.6-win32-x86_64\bin\VCRUNTIME140.dll
0x00007ffc8b6e0000 - 0x00007ffc8b709000 	C:\WINDOWS\System32\GDI32.dll
0x00007ffc8a3a0000 - 0x00007ffc8a4b3000 	C:\WINDOWS\System32\gdi32full.dll
0x00007ffc89c10000 - 0x00007ffc89caa000 	C:\WINDOWS\System32\msvcp_win.dll
0x00007ffc75fd0000 - 0x00007ffc7625e000 	C:\WINDOWS\WinSxS\amd64_microsoft.windows.common-controls_6595b64144ccf1df_6.0.22621.608_none_a9444ca7c10bb01d\COMCTL32.dll
0x00007ffc8b710000 - 0x00007ffc8b7b7000 	C:\WINDOWS\System32\msvcrt.dll
0x00007ffc8c0e0000 - 0x00007ffc8c111000 	C:\WINDOWS\System32\IMM32.DLL
0x00007ffc869b0000 - 0x00007ffc869bc000 	c:\Users\Farhan\.vscode\extensions\redhat.java-1.16.0-win32-x64\jre\17.0.6-win32-x86_64\bin\vcruntime140_1.dll
0x00007ffc5dfc0000 - 0x00007ffc5e051000 	c:\Users\Farhan\.vscode\extensions\redhat.java-1.16.0-win32-x64\jre\17.0.6-win32-x86_64\bin\msvcp140.dll
0x00007ffc20fe0000 - 0x00007ffc21c27000 	c:\Users\Farhan\.vscode\extensions\redhat.java-1.16.0-win32-x64\jre\17.0.6-win32-x86_64\bin\server\jvm.dll
0x00007ffc8bdc0000 - 0x00007ffc8be6e000 	C:\WINDOWS\System32\ADVAPI32.dll
0x00007ffc8c420000 - 0x00007ffc8c4c4000 	C:\WINDOWS\System32\sechost.dll
0x00007ffc8c280000 - 0x00007ffc8c395000 	C:\WINDOWS\System32\RPCRT4.dll
0x00007ffc60ab0000 - 0x00007ffc60ab9000 	C:\WINDOWS\SYSTEM32\WSOCK32.dll
0x00007ffc8c3a0000 - 0x00007ffc8c411000 	C:\WINDOWS\System32\WS2_32.dll
0x00007ffc7ad60000 - 0x00007ffc7ad94000 	C:\WINDOWS\SYSTEM32\WINMM.dll
0x00007ffc827f0000 - 0x00007ffc827fa000 	C:\WINDOWS\SYSTEM32\VERSION.dll
0x00007ffc88bf0000 - 0x00007ffc88c08000 	C:\WINDOWS\SYSTEM32\kernel.appcore.dll
0x00007ffc86930000 - 0x00007ffc8693a000 	c:\Users\Farhan\.vscode\extensions\redhat.java-1.16.0-win32-x64\jre\17.0.6-win32-x86_64\bin\jimage.dll
0x00007ffc86ca0000 - 0x00007ffc86ece000 	C:\WINDOWS\SYSTEM32\DBGHELP.DLL
0x00007ffc8aed0000 - 0x00007ffc8b259000 	C:\WINDOWS\System32\combase.dll
0x00007ffc8be90000 - 0x00007ffc8bf67000 	C:\WINDOWS\System32\OLEAUT32.dll
0x00007ffc737d0000 - 0x00007ffc73802000 	C:\WINDOWS\SYSTEM32\dbgcore.DLL
0x00007ffc8a320000 - 0x00007ffc8a39b000 	C:\WINDOWS\System32\bcryptPrimitives.dll
0x00007ffc868c0000 - 0x00007ffc868ce000 	c:\Users\Farhan\.vscode\extensions\redhat.java-1.16.0-win32-x64\jre\17.0.6-win32-x86_64\bin\instrument.dll
0x00007ffc75da0000 - 0x00007ffc75dc5000 	c:\Users\Farhan\.vscode\extensions\redhat.java-1.16.0-win32-x64\jre\17.0.6-win32-x86_64\bin\java.dll
0x00007ffc75d40000 - 0x00007ffc75d58000 	c:\Users\Farhan\.vscode\extensions\redhat.java-1.16.0-win32-x64\jre\17.0.6-win32-x86_64\bin\zip.dll
0x00007ffc8a6e0000 - 0x00007ffc8aed0000 	C:\WINDOWS\System32\SHELL32.dll
0x00007ffc87ab0000 - 0x00007ffc8837e000 	C:\WINDOWS\SYSTEM32\windows.storage.dll
0x00007ffc87970000 - 0x00007ffc87aae000 	C:\WINDOWS\SYSTEM32\wintypes.dll
0x00007ffc8c180000 - 0x00007ffc8c271000 	C:\WINDOWS\System32\SHCORE.dll
0x00007ffc8a680000 - 0x00007ffc8a6de000 	C:\WINDOWS\System32\shlwapi.dll
0x00007ffc89a20000 - 0x00007ffc89a41000 	C:\WINDOWS\SYSTEM32\profapi.dll
0x00007ffc75690000 - 0x00007ffc756a9000 	C:\Users\Farhan\.vscode\extensions\redhat.java-1.16.0-win32-x64\jre\17.0.6-win32-x86_64\bin\net.dll
0x00007ffc83980000 - 0x00007ffc83aaf000 	C:\WINDOWS\SYSTEM32\WINHTTP.dll
0x00007ffc89050000 - 0x00007ffc890b9000 	C:\WINDOWS\system32\mswsock.dll
0x00007ffc75d10000 - 0x00007ffc75d25000 	C:\Users\Farhan\.vscode\extensions\redhat.java-1.16.0-win32-x64\jre\17.0.6-win32-x86_64\bin\nio.dll
0x00007ffc867b0000 - 0x00007ffc867c0000 	c:\Users\Farhan\.vscode\extensions\redhat.java-1.16.0-win32-x64\jre\17.0.6-win32-x86_64\bin\verify.dll

dbghelp: loaded successfully - version: 4.0.5 - missing functions: none
symbol engine: initialized successfully - sym options: 0x614 - pdb path: .;c:\Users\Farhan\.vscode\extensions\redhat.java-1.16.0-win32-x64\jre\17.0.6-win32-x86_64\bin;C:\WINDOWS\SYSTEM32;C:\WINDOWS\WinSxS\amd64_microsoft.windows.common-controls_6595b64144ccf1df_6.0.22621.608_none_a9444ca7c10bb01d;c:\Users\Farhan\.vscode\extensions\redhat.java-1.16.0-win32-x64\jre\17.0.6-win32-x86_64\bin\server

VM Arguments:
jvm_args: --add-modules=ALL-SYSTEM --add-opens=java.base/java.util=ALL-UNNAMED --add-opens=java.base/java.lang=ALL-UNNAMED --add-opens=java.base/sun.nio.fs=ALL-UNNAMED -Declipse.application=org.eclipse.jdt.ls.core.id1 -Dosgi.bundles.defaultStartLevel=4 -Declipse.product=org.eclipse.jdt.ls.core.product -Djava.import.generatesMetadataFilesAtProjectRoot=false -Dfile.encoding=utf8 -XX:+UseParallelGC -XX:GCTimeRatio=4 -XX:AdaptiveSizePolicyWeight=90 -Dsun.zip.disableMemoryMapping=true -Xmx1G -Xms100m -Xlog:disable -javaagent:c:\Users\Farhan\.vscode\extensions\redhat.java-1.16.0-win32-x64\lombok\lombok-1.18.24.jar -XX:+HeapDumpOnOutOfMemoryError -XX:HeapDumpPath=c:\Users\Farhan\AppData\Roaming\Code\User\workspaceStorage\8f7c26508dbb529dfc39503597735847\redhat.java 
java_command: c:\Users\Farhan\.vscode\extensions\redhat.java-1.16.0-win32-x64\server\plugins\org.eclipse.equinox.launcher_1.6.400.v20210924-0641.jar -configuration c:\Users\Farhan\AppData\Roaming\Code\User\globalStorage\redhat.java\1.16.0\config_win -data c:\Users\Farhan\AppData\Roaming\Code\User\workspaceStorage\8f7c26508dbb529dfc39503597735847\redhat.java\jdt_ws
java_class_path (initial): c:\Users\Farhan\.vscode\extensions\redhat.java-1.16.0-win32-x64\server\plugins\org.eclipse.equinox.launcher_1.6.400.v20210924-0641.jar
Launcher Type: SUN_STANDARD

[Global flags]
    uintx AdaptiveSizePolicyWeight                 = 90                                        {product} {command line}
     intx CICompilerCount                          = 4                                         {product} {ergonomic}
    uintx GCTimeRatio                              = 4                                         {product} {command line}
     bool HeapDumpOnOutOfMemoryError               = true                                   {manageable} {command line}
    ccstr HeapDumpPath                             = c:\Users\Farhan\AppData\Roaming\Code\User\workspaceStorage\8f7c26508dbb529dfc39503597735847\redhat.java         {manageable} {command line}
   size_t InitialHeapSize                          = 104857600                                 {product} {command line}
   size_t MaxHeapSize                              = 1073741824                                {product} {command line}
   size_t MaxNewSize                               = 357564416                                 {product} {ergonomic}
   size_t MinHeapDeltaBytes                        = 524288                                    {product} {ergonomic}
   size_t MinHeapSize                              = 104857600                                 {product} {command line}
   size_t NewSize                                  = 34603008                                  {product} {ergonomic}
    uintx NonNMethodCodeHeapSize                   = 5839372                                {pd product} {ergonomic}
    uintx NonProfiledCodeHeapSize                  = 122909434                              {pd product} {ergonomic}
   size_t OldSize                                  = 70254592                                  {product} {ergonomic}
    uintx ProfiledCodeHeapSize                     = 122909434                              {pd product} {ergonomic}
    uintx ReservedCodeCacheSize                    = 251658240                              {pd product} {ergonomic}
     bool SegmentedCodeCache                       = true                                      {product} {ergonomic}
   size_t SoftMaxHeapSize                          = 1073741824                             {manageable} {ergonomic}
     bool UseCompressedClassPointers               = true                           {product lp64_product} {ergonomic}
     bool UseCompressedOops                        = true                           {product lp64_product} {ergonomic}
     bool UseLargePagesIndividualAllocation        = false                                  {pd product} {ergonomic}
     bool UseParallelGC                            = true                                      {product} {command line}

Logging:
Log output configuration:
 #0: stdout all=off uptime,level,tags
 #1: stderr all=off uptime,level,tags

Environment Variables:
PATH=C:\Program Files\ImageMagick-7.1.0-Q16-HDRI;C:\Program Files (x86)\Common Files\Oracle\Java\javapath;C:\WINDOWS\system32;C:\WINDOWS;C:\WINDOWS\System32\Wbem;C:\WINDOWS\System32\WindowsPowerShell\v1.0\;C:\WINDOWS\System32\OpenSSH\;C:\Program Files (x86)\NVIDIA Corporation\PhysX\Common;C:\Program Files\NVIDIA Corporation\NVIDIA NvDLISR;C:\Program Files\Java\jdk1.8.0_281\bin;C:\Program Files\nodejs\;C:\Program Files\Git\cmd;D:\Projects\Scalper;C:\Program Files\Git LFS;C:\Program Files\dotnet\;C:\Program Files (x86)\Microsoft Visual Studio\2019\Community\MSBuild\Current\Bin\MSBuild.exe;C:\Program Files\Amazon\AWSCLIV2\;C:\Program Files\Docker\Docker\resources\bin;C:\ProgramData\DockerDesktop\version-bin;%SystemRoot%\system32;%SystemRoot%;%SystemRoot%\System32\Wbem;%SYSTEMROOT%\System32\WindowsPowerShell\v1.0\;%SYSTEMROOT%\System32\OpenSSH\;C:\Users\Farhan\.windows-build-tools\python27\;C:\Users\Farhan\AppData\Local\Microsoft\WindowsApps;C:\Users\Farhan\AppData\Local\atom\bin;C:\Users\Farhan\AppData\Roaming\npm;C:\Users\Farhan\AppData\Local\Microsoft\WindowsApps;C:\Users\Farhan\AppData\Local\Programs\Microsoft VS Code\bin;C:\Users\Farhan\AppData\Local\GitHubDesktop\bin;C:\Users\Farhan\.dotnet\tools;C:\Program Files (x86)\GitHub CLI\;
USERNAME=Farhan
OS=Windows_NT
PROCESSOR_IDENTIFIER=Intel64 Family 6 Model 60 Stepping 3, GenuineIntel
TMP=C:\Users\Farhan\AppData\Local\Temp
TEMP=C:\Users\Farhan\AppData\Local\Temp



---------------  S Y S T E M  ---------------

OS:
 Windows 11 , 64 bit Build 22621 (10.0.22621.1344)
OS uptime: 0 days 17:55 hours
Hyper-V role detected

CPU: total 8 (initial active 8) (4 cores per cpu, 2 threads per core) family 6 model 60 stepping 3 microcode 0x28, cx8, cmov, fxsr, ht, mmx, sse, sse2, sse3, ssse3, sse4.1, sse4.2, popcnt, lzcnt, tsc, tscinvbit, avx, avx2, aes, erms, clmul, bmi1, bmi2, fma, vzeroupper, clflush, hv

Memory: 4k page, system-wide physical 16326M (644M free)
TotalPageFile size 32710M (AvailPageFile size 58M)
current process WorkingSet (physical memory assigned to process): 36M, peak: 36M
current process commit charge ("private bytes"): 185M, peak: 185M

vm_info: OpenJDK 64-Bit Server VM (17.0.6+10) for windows-amd64 JRE (17.0.6+10), built on Jan 18 2023 10:08:59 by "temurin" with MS VC++ 16.7 (VS2019)

END.
